#
# A fatal error has been detected by the Java Runtime Environment:
#
#  EXCEPTION_ACCESS_VIOLATION (0xc0000005) at pc=0x6eac3ae9, pid=4188, tid=5064
#
# JRE version: 7.0_03-b05
# Java VM: Java HotSpot(TM) Client VM (22.1-b02 mixed mode windows-x86 )
# Problematic frame:
# V  [jvm.dll+0xa3ae9]
#
# Failed to write core dump. Minidumps are not enabled by default on client versions of Windows
#
# If you would like to submit a bug report, please visit:
#   http://bugreport.sun.com/bugreport/crash.jsp
#

---------------  T H R E A D  ---------------

Current thread (0x1987e800):  JavaThread "Thread-3" [_thread_in_vm, id=5064, stack(0x1d5d0000,0x1d620000)]

siginfo: ExceptionCode=0xc0000005, reading address 0x00000000

Registers:
EAX=0x00000000, EBX=0x19822d01, ECX=0x00000000, EDX=0x00000000
ESP=0x1d61f55c, EBP=0x1d61f568, ESI=0x1987e800, EDI=0x19822d70
EIP=0x6eac3ae9, EFLAGS=0x00010202

Top of Stack: (sp=0x1d61f55c)
0x1d61f55c:   1d61f5f0 00000000 19822d70 1d61f7d8
0x1d61f56c:   1d9542a8 1987e928 19822d70 00000000
0x1d61f57c:   1d61f590 1d61f5b0 00000000 00000020
0x1d61f58c:   1d954220 6ea23393 1987e800 bca33f60
0x1d61f59c:   00000000 1d61f5d4 6ea23393 00000020
0x1d61f5ac:   1d95420c 00000001 1987e800 1d61f810
0x1d61f5bc:   1d61f5ac 1d61f5d0 1d61fc48 bca33f74
0x1d61f5cc:   1d9541ee fffffffe 1d61f5e8 6eac3d0d 

Instructions: (pc=0x6eac3ae9)
0x6eac3ac9:   a0 09 00 33 f6 eb 02 8b f1 6a 06 56 e8 46 f9 f5
0x6eac3ad9:   ff 8b 7d 0c 83 c4 08 b3 01 85 ff 74 3d 8b 45 10
0x6eac3ae9:   8b 00 50 32 db e8 8d ad f7 ff 83 c4 04 85 c0 74
0x6eac3af9:   29 8b 0f 8b 49 04 8b 50 10 83 c1 08 39 44 0a f8 


Register to memory mapping:

EAX=0x00000000 is an unknown value
EBX=0x19822d01 is an unknown value
ECX=0x00000000 is an unknown value
EDX=0x00000000 is an unknown value
ESP=0x1d61f55c is pointing into the stack for thread: 0x1987e800
EBP=0x1d61f568 is pointing into the stack for thread: 0x1987e800
ESI=0x1987e800 is a thread
EDI=0x19822d70 is an unknown value


Stack: [0x1d5d0000,0x1d620000],  sp=0x1d61f55c,  free space=317k
Native frames: (J=compiled Java code, j=interpreted, Vv=VM code, C=native code)
V  [jvm.dll+0xa3ae9]
C  0x1d9542a8
C  0x1d954d2e
J  com.sun.jna.Function.invokeInt(I[Ljava/lang/Object;)I
J  com.sun.jna.Function.invoke([Ljava/lang/Object;Ljava/lang/Class;Z)Ljava/lang/Object;
V  [jvm.dll+0x123c0a]
V  [jvm.dll+0x1c9e8e]
V  [jvm.dll+0x123df3]
V  [jvm.dll+0x123e57]
V  [jvm.dll+0xcd90f]
V  [jvm.dll+0x14394f]
V  [jvm.dll+0x1720b9]
C  [msvcr100.dll+0x5c6de]  endthreadex+0x3a
C  [msvcr100.dll+0x5c788]  endthreadex+0xe4
C  [KERNEL32.dll+0x133aa]  BaseThreadInitThunk+0x12
C  [ntdll.dll+0x39f72]  RtlInitializeExceptionChain+0x63
C  [ntdll.dll+0x39f45]  RtlInitializeExceptionChain+0x36

Java frames: (J=compiled Java code, j=interpreted, Vv=VM code)
J  com.sun.jna.Function.invokeInt(I[Ljava/lang/Object;)I
J  com.sun.jna.Function.invoke([Ljava/lang/Object;Ljava/lang/Class;Z)Ljava/lang/Object;
J  com.sun.jna.Function.invoke(Ljava/lang/Class;[Ljava/lang/Object;Ljava/util/Map;)Ljava/lang/Object;
J  com.sun.jna.Library$Handler.invoke(Ljava/lang/Object;Ljava/lang/reflect/Method;[Ljava/lang/Object;)Ljava/lang/Object;
J  jhook.$Proxy0.GetAsyncKeyState(I)Z
J  jhook.Keyboard.run()V
v  ~StubRoutines::call_stub

---------------  P R O C E S S  ---------------

Java Threads: ( => current thread )
  0x1f7fc000 JavaThread "Thread-1" daemon [_thread_in_native, id=4152, stack(0x20370000,0x203c0000)]
  0x1f7fa400 JavaThread "Thread-0" [_thread_blocked, id=4244, stack(0x1e510000,0x1e560000)]
  0x1f7fac00 JavaThread "Thread-15" [_thread_blocked, id=1212, stack(0x1d670000,0x1d6c0000)]
  0x19890800 JavaThread "TimerQueue" daemon [_thread_blocked, id=2960, stack(0x1e370000,0x1e3c0000)]
=>0x1987e800 JavaThread "Thread-3" [_thread_in_vm, id=5064, stack(0x1d5d0000,0x1d620000)]
  0x00339800 JavaThread "DestroyJavaVM" [_thread_blocked, id=4936, stack(0x01e60000,0x01eb0000)]
  0x19876400 JavaThread "Interrupter" [_thread_blocked, id=3916, stack(0x1d620000,0x1d670000)]
  0x19820c00 JavaThread "AWT-EventQueue-0" [_thread_blocked, id=5076, stack(0x1cb00000,0x1cb50000)]
  0x182d8000 JavaThread "AWT-Windows" daemon [_thread_blocked, id=1836, stack(0x18d70000,0x18dc0000)]
  0x182d7400 JavaThread "AWT-Shutdown" [_thread_blocked, id=4308, stack(0x186b0000,0x18700000)]
  0x18201000 JavaThread "Java2D Disposer" daemon [_thread_blocked, id=3556, stack(0x18c50000,0x18ca0000)]
  0x18148800 JavaThread "Service Thread" daemon [_thread_blocked, id=4304, stack(0x18550000,0x185a0000)]
  0x18144000 JavaThread "C1 CompilerThread0" daemon [_thread_blocked, id=4496, stack(0x18870000,0x188c0000)]
  0x18142c00 JavaThread "Attach Listener" daemon [_thread_blocked, id=5016, stack(0x187e0000,0x18830000)]
  0x1813fc00 JavaThread "Signal Dispatcher" daemon [_thread_blocked, id=4868, stack(0x18370000,0x183c0000)]
  0x180ea800 JavaThread "Finalizer" daemon [_thread_blocked, id=4932, stack(0x18640000,0x18690000)]
  0x180e5c00 JavaThread "Reference Handler" daemon [_thread_blocked, id=2172, stack(0x185f0000,0x18640000)]

Other Threads:
  0x180e1400 VMThread [stack: 0x18500000,0x18550000] [id=3820]
  0x1815c000 WatcherThread [stack: 0x18930000,0x18980000] [id=3240]

VM state:synchronizing (normal execution)

VM Mutex/Monitor currently owned by a thread:  ([mutex/lock_event])
[0x00337958] Threads_lock - owner thread: 0x180e1400

Heap
 def new generation   total 78656K, used 69980K [0x04080000, 0x095d0000, 0x095d0000)
  eden space 69952K, 100% used [0x04080000, 0x084d0000, 0x084d0000)
  from space 8704K,   0% used [0x084d0000, 0x084d7248, 0x08d50000)
  to   space 8704K,   0% used [0x08d50000, 0x08d50000, 0x095d0000)
 tenured generation   total 174784K, used 174781K [0x095d0000, 0x14080000, 0x14080000)
   the space 174784K,  99% used [0x095d0000, 0x1407f6d8, 0x1407f800, 0x14080000)
 compacting perm gen  total 12288K, used 9001K [0x14080000, 0x14c80000, 0x18080000)
   the space 12288K,  73% used [0x14080000, 0x1494a620, 0x1494a800, 0x14c80000)
No shared spaces configured.

Code Cache  [0x02080000, 0x023d8000, 0x04080000)
 total_blobs=1309 nmethods=1070 adapters=175 free_code_cache=29356Kb largest_free_block=30060800

Dynamic libraries:
0x00010000 - 0x0003f000 	C:\programmieren\JavaSDK\bin\javaw.exe
0x77110000 - 0x77290000 	C:\Windows\SysWOW64\ntdll.dll
0x70e20000 - 0x70e5f000 	C:\Program Files\AVAST Software\Avast\snxhk.dll
0x755f0000 - 0x75700000 	C:\Windows\syswow64\KERNEL32.dll
0x75060000 - 0x750a7000 	C:\Windows\syswow64\KERNELBASE.dll
0x74fc0000 - 0x75060000 	C:\Windows\syswow64\ADVAPI32.dll
0x75c70000 - 0x75d1c000 	C:\Windows\syswow64\msvcrt.dll
0x758a0000 - 0x758b9000 	C:\Windows\SysWOW64\sechost.dll
0x75ae0000 - 0x75bd0000 	C:\Windows\syswow64\RPCRT4.dll
0x74b60000 - 0x74bc0000 	C:\Windows\syswow64\SspiCli.dll
0x74b50000 - 0x74b5c000 	C:\Windows\syswow64\CRYPTBASE.dll
0x75980000 - 0x75a80000 	C:\Windows\syswow64\USER32.dll
0x75400000 - 0x75490000 	C:\Windows\syswow64\GDI32.dll
0x76aa0000 - 0x76aaa000 	C:\Windows\syswow64\LPK.dll
0x758c0000 - 0x7595d000 	C:\Windows\syswow64\USP10.dll
0x71900000 - 0x71a9e000 	C:\Windows\WinSxS\x86_microsoft.windows.common-controls_6595b64144ccf1df_6.0.7601.17514_none_41e6975e2bd6f2b2\COMCTL32.dll
0x76ab0000 - 0x76b07000 	C:\Windows\syswow64\SHLWAPI.dll
0x75a80000 - 0x75ae0000 	C:\Windows\system32\IMM32.DLL
0x752e0000 - 0x753ac000 	C:\Windows\syswow64\MSCTF.dll
0x6ed50000 - 0x6ee0e000 	C:\programmieren\JavaSDK\jre\bin\msvcr100.dll
0x6ea20000 - 0x6ed48000 	C:\programmieren\JavaSDK\jre\bin\client\jvm.dll
0x74400000 - 0x74407000 	C:\Windows\system32\WSOCK32.dll
0x753c0000 - 0x753f5000 	C:\Windows\syswow64\WS2_32.dll
0x75c10000 - 0x75c16000 	C:\Windows\syswow64\NSI.dll
0x73f40000 - 0x73f72000 	C:\Windows\system32\WINMM.dll
0x752d0000 - 0x752d5000 	C:\Windows\syswow64\PSAPI.DLL
0x73bb0000 - 0x73bbc000 	C:\programmieren\JavaSDK\jre\bin\verify.dll
0x712d0000 - 0x712f0000 	C:\programmieren\JavaSDK\jre\bin\java.dll
0x712b0000 - 0x712c3000 	C:\programmieren\JavaSDK\jre\bin\zip.dll
0x6f900000 - 0x6fa42000 	C:\programmieren\JavaSDK\jre\bin\awt.dll
0x74f20000 - 0x74faf000 	C:\Windows\syswow64\OLEAUT32.dll
0x74dc0000 - 0x74f1c000 	C:\Windows\syswow64\ole32.dll
0x73c40000 - 0x73c53000 	C:\Windows\system32\DWMAPI.DLL
0x73ca0000 - 0x73d20000 	C:\Windows\system32\uxtheme.dll
0x743f0000 - 0x743f9000 	C:\Windows\system32\VERSION.dll
0x73e20000 - 0x73e2b000 	C:\Windows\system32\atiu9pag.dll
0x75dd0000 - 0x76a1a000 	C:\Windows\syswow64\SHELL32.dll
0x73f00000 - 0x73f2a000 	C:\programmieren\JavaSDK\jre\bin\fontmanager.dll
0x73b80000 - 0x73b94000 	C:\programmieren\JavaSDK\jre\bin\net.dll
0x717c0000 - 0x717fc000 	C:\Windows\system32\mswsock.dll
0x717a0000 - 0x717a6000 	C:\Windows\System32\wship6.dll
0x72d60000 - 0x72d6f000 	C:\programmieren\JavaSDK\jre\bin\nio.dll
0x72f80000 - 0x72fb1000 	C:\programmieren\JavaSDK\jre\bin\t2k.dll
0x74d30000 - 0x74db3000 	C:\Windows\syswow64\CLBCatQ.DLL
0x72850000 - 0x72980000 	C:\Windows\system32\WindowsCodecs.dll
0x74390000 - 0x743dc000 	C:\Windows\system32\apphelp.dll
0x72fc0000 - 0x72ff1000 	C:\Windows\system32\EhStorShell.dll
0x75700000 - 0x7589d000 	C:\Windows\syswow64\SETUPAPI.dll
0x755c0000 - 0x755e7000 	C:\Windows\syswow64\CFGMGR32.dll
0x75c20000 - 0x75c32000 	C:\Windows\syswow64\DEVOBJ.dll
0x71800000 - 0x718f5000 	C:\Windows\system32\PROPSYS.dll
0x6b260000 - 0x6b2d0000 	C:\Windows\system32\ntshrui.dll
0x72250000 - 0x72269000 	C:\Windows\system32\srvcli.dll
0x6ee10000 - 0x6ee1b000 	C:\Windows\system32\cscapi.dll
0x6e360000 - 0x6e36a000 	C:\Windows\system32\slc.dll
0x71d00000 - 0x71d16000 	C:\Windows\system32\CRYPTSP.dll
0x71cc0000 - 0x71cfb000 	C:\Windows\system32\rsaenh.dll
0x71ab0000 - 0x71ac7000 	C:\Windows\system32\USERENV.dll
0x71aa0000 - 0x71aab000 	C:\Windows\system32\profapi.dll
0x71d20000 - 0x71d30000 	C:\Windows\system32\NLAapi.dll
0x71790000 - 0x717a0000 	C:\Windows\system32\napinsp.dll
0x71770000 - 0x71782000 	C:\Windows\system32\pnrpnsp.dll
0x71720000 - 0x71764000 	C:\Windows\system32\DNSAPI.dll
0x71710000 - 0x71718000 	C:\Windows\System32\winrnr.dll
0x716e0000 - 0x71707000 	C:\Program Files (x86)\Common Files\Microsoft Shared\Windows Live\WLIDNSP.DLL
0x717b0000 - 0x717b5000 	C:\Windows\System32\wshtcpip.dll
0x72a30000 - 0x72a4c000 	C:\Windows\system32\IPHLPAPI.DLL
0x72a00000 - 0x72a07000 	C:\Windows\system32\WINNSI.DLL
0x71510000 - 0x71516000 	C:\Windows\system32\rasadhlp.dll
0x71520000 - 0x71558000 	C:\Windows\System32\fwpuclnt.dll

VM Arguments:
jvm_args: -Dfile.encoding=Cp1252 
java_command: bots.Bot
Launcher Type: SUN_STANDARD

Environment Variables:
PATH=C:\Program Files (x86)\AMD APP\bin\x86_64;C:\Program Files (x86)\AMD APP\bin\x86;C:\Program Files\Common Files\Microsoft Shared\Windows Live;C:\Program Files (x86)\Common Files\Microsoft Shared\Windows Live;C:\Windows\system32;C:\Windows;C:\Windows\System32\Wbem;C:\Windows\System32\WindowsPowerShell\v1.0\;C:\Program Files (x86)\ATI Technologies\ATI.ACE\Core-Static;C:\Python25;C:\Program Files (x86)\Windows Live\Shared;C:\Program Files (x86)\MiKTeX 2.9\miktex\bin\;C:\Program Files (x86)\Git\cmd;C:\Program Files (x86)\Git\bin;C:\programmieren\JavaSDK\bin;C:\Apps\dekompilieren\jd-gui-0.3.5.windows(1);C:\apk-Dateien\dekompilieren\apktool
USERNAME=Joschka
OS=Windows_NT
PROCESSOR_IDENTIFIER=Intel64 Family 6 Model 42 Stepping 7, GenuineIntel



---------------  S Y S T E M  ---------------

OS: Windows 7 , 64 bit Build 7601 Service Pack 1

CPU:total 4 (4 cores per cpu, 1 threads per core) family 6 model 42 stepping 7, cmov, cx8, fxsr, mmx, sse, sse2, sse3, ssse3, sse4.1, sse4.2, popcnt

Memory: 4k page, physical 4171220k(2077248k free), swap 8340580k(6040180k free)

vm_info: Java HotSpot(TM) Client VM (22.1-b02) for windows-x86 JRE (1.7.0_03-b05), built on Feb  3 2012 20:43:37 by "java_re" with unknown MS VC++:1600

time: Sat Aug 31 23:35:14 2013
elapsed time: 337 seconds

