#
# A fatal error has been detected by the Java Runtime Environment:
#
#  EXCEPTION_ACCESS_VIOLATION (0xc0000005) at pc=0x73543ae9, pid=4948, tid=2984
#
# JRE version: 7.0_03-b05
# Java VM: Java HotSpot(TM) Client VM (22.1-b02 mixed mode windows-x86 )
# Problematic frame:
# V  [jvm.dll+0xa3ae9]
#
# Failed to write core dump. Minidumps are not enabled by default on client versions of Windows
#
# If you would like to submit a bug report, please visit:
#   http://bugreport.sun.com/bugreport/crash.jsp
#

---------------  T H R E A D  ---------------

Current thread (0x1990ac00):  JavaThread "Thread-3" [_thread_in_vm, id=2984, stack(0x1d6e0000,0x1d730000)]

siginfo: ExceptionCode=0xc0000005, reading address 0x00000000

Registers:
EAX=0x00000000, EBX=0x1989d501, ECX=0x00000000, EDX=0x00000000
ESP=0x1d72f2ac, EBP=0x1d72f2b8, ESI=0x1990ac00, EDI=0x1989d5c0
EIP=0x73543ae9, EFLAGS=0x00010206

Top of Stack: (sp=0x1d72f2ac)
0x1d72f2ac:   1d72f340 00000000 1989d5c0 1d72f528
0x1d72f2bc:   1b7542a8 1990ad28 1989d5c0 00000000
0x1d72f2cc:   1d72f2e0 1d72f300 00000083 00000020
0x1d72f2dc:   1b754220 734a3393 1990ac00 0c34e51c
0x1d72f2ec:   00000000 1d72f324 734a3393 00000020
0x1d72f2fc:   1b75420c 00000001 1990ac00 1d72f560
0x1d72f30c:   1d72f2fc 1d72f320 1d72f998 0c34e528
0x1d72f31c:   1b7541ee fffffffe 1d72f338 73543d0d 

Instructions: (pc=0x73543ae9)
0x73543ac9:   a0 09 00 33 f6 eb 02 8b f1 6a 06 56 e8 46 f9 f5
0x73543ad9:   ff 8b 7d 0c 83 c4 08 b3 01 85 ff 74 3d 8b 45 10
0x73543ae9:   8b 00 50 32 db e8 8d ad f7 ff 83 c4 04 85 c0 74
0x73543af9:   29 8b 0f 8b 49 04 8b 50 10 83 c1 08 39 44 0a f8 


Register to memory mapping:

EAX=0x00000000 is an unknown value
EBX=0x1989d501 is an unknown value
ECX=0x00000000 is an unknown value
EDX=0x00000000 is an unknown value
ESP=0x1d72f2ac is pointing into the stack for thread: 0x1990ac00
EBP=0x1d72f2b8 is pointing into the stack for thread: 0x1990ac00
ESI=0x1990ac00 is a thread
EDI=0x1989d5c0 is an unknown value


Stack: [0x1d6e0000,0x1d730000],  sp=0x1d72f2ac,  free space=316k
Native frames: (J=compiled Java code, j=interpreted, Vv=VM code, C=native code)
V  [jvm.dll+0xa3ae9]
C  0x1b7542a8
C  0x1b754d2e
J  com.sun.jna.Function.invokeInt(I[Ljava/lang/Object;)I
J  com.sun.jna.Function.invoke([Ljava/lang/Object;Ljava/lang/Class;Z)Ljava/lang/Object;
V  [jvm.dll+0x123c0a]
V  [jvm.dll+0x1c9e8e]
V  [jvm.dll+0x123df3]
V  [jvm.dll+0x123e57]
V  [jvm.dll+0xcd90f]
V  [jvm.dll+0x14394f]
V  [jvm.dll+0x1720b9]
C  [msvcr100.dll+0x5c6de]  endthreadex+0x3a
C  [msvcr100.dll+0x5c788]  endthreadex+0xe4
C  [KERNEL32.dll+0x133aa]  BaseThreadInitThunk+0x12
C  [ntdll.dll+0x39f72]  RtlInitializeExceptionChain+0x63
C  [ntdll.dll+0x39f45]  RtlInitializeExceptionChain+0x36

Java frames: (J=compiled Java code, j=interpreted, Vv=VM code)
J  com.sun.jna.Function.invokeInt(I[Ljava/lang/Object;)I
J  com.sun.jna.Function.invoke([Ljava/lang/Object;Ljava/lang/Class;Z)Ljava/lang/Object;
J  com.sun.jna.Function.invoke(Ljava/lang/Class;[Ljava/lang/Object;Ljava/util/Map;)Ljava/lang/Object;
J  com.sun.jna.Library$Handler.invoke(Ljava/lang/Object;Ljava/lang/reflect/Method;[Ljava/lang/Object;)Ljava/lang/Object;
J  jhook.$Proxy0.GetAsyncKeyState(I)Z
J  jhook.Keyboard.run()V
v  ~StubRoutines::call_stub

---------------  P R O C E S S  ---------------

Java Threads: ( => current thread )
  0x1823d000 JavaThread "Thread-1" daemon [_thread_in_native, id=4604, stack(0x20240000,0x20290000)]
  0x19923c00 JavaThread "TimerQueue" daemon [_thread_blocked, id=2332, stack(0x1e590000,0x1e5e0000)]
=>0x1990ac00 JavaThread "Thread-3" [_thread_in_vm, id=2984, stack(0x1d6e0000,0x1d730000)]
  0x00679800 JavaThread "DestroyJavaVM" [_thread_blocked, id=4436, stack(0x00a40000,0x00a90000)]
  0x198f5800 JavaThread "Interrupter" [_thread_blocked, id=4964, stack(0x1d860000,0x1d8b0000)]
  0x198f5400 JavaThread "BotLeftUp-v1.2.0" [_thread_in_native, id=4804, stack(0x1d800000,0x1d850000)]
  0x1989c000 JavaThread "AWT-EventQueue-0" [_thread_blocked, id=4344, stack(0x1cad0000,0x1cb20000)]
  0x1839b400 JavaThread "AWT-Shutdown" [_thread_blocked, id=3880, stack(0x18bf0000,0x18c40000)]
  0x182c5400 JavaThread "Java2D Disposer" daemon [_thread_blocked, id=2676, stack(0x18c50000,0x18ca0000)]
  0x18208800 JavaThread "Service Thread" daemon [_thread_blocked, id=4940, stack(0x18500000,0x18550000)]
  0x18204000 JavaThread "C1 CompilerThread0" daemon [_thread_blocked, id=3944, stack(0x187b0000,0x18800000)]
  0x18202c00 JavaThread "Attach Listener" daemon [_thread_blocked, id=3900, stack(0x003d0000,0x00420000)]
  0x181ffc00 JavaThread "Signal Dispatcher" daemon [_thread_blocked, id=4816, stack(0x18800000,0x18850000)]
  0x181aa800 JavaThread "Finalizer" daemon [_thread_blocked, id=2728, stack(0x00a90000,0x00ae0000)]
  0x181a5c00 JavaThread "Reference Handler" daemon [_thread_blocked, id=3408, stack(0x185d0000,0x18620000)]

Other Threads:
  0x181a1400 VMThread [stack: 0x183e0000,0x18430000] [id=4032]
  0x18220400 WatcherThread [stack: 0x189d0000,0x18a20000] [id=5028]

VM state:not at safepoint (normal execution)

VM Mutex/Monitor currently owned by a thread: None

Heap
 def new generation   total 12736K, used 9198K [0x040f0000, 0x04ec0000, 0x09640000)
  eden space 11328K,  79% used [0x040f0000, 0x049c7738, 0x04c00000)
  from space 1408K,  10% used [0x04c00000, 0x04c24248, 0x04d60000)
  to   space 1408K,   0% used [0x04d60000, 0x04d60000, 0x04ec0000)
 tenured generation   total 28156K, used 24300K [0x09640000, 0x0b1bf000, 0x140f0000)
   the space 28156K,  86% used [0x09640000, 0x0adfb048, 0x0adfb200, 0x0b1bf000)
 compacting perm gen  total 12288K, used 8863K [0x140f0000, 0x14cf0000, 0x180f0000)
   the space 12288K,  72% used [0x140f0000, 0x14997e90, 0x14998000, 0x14cf0000)
No shared spaces configured.

Code Cache  [0x020f0000, 0x02340000, 0x040f0000)
 total_blobs=1011 nmethods=773 adapters=174 free_code_cache=30411Kb largest_free_block=31139968

Dynamic libraries:
0x00cc0000 - 0x00cef000 	C:\programmieren\JavaSDK\bin\javaw.exe
0x774a0000 - 0x77620000 	C:\Windows\SysWOW64\ntdll.dll
0x71210000 - 0x7124f000 	C:\Program Files\AVAST Software\Avast\snxhk.dll
0x768c0000 - 0x769d0000 	C:\Windows\syswow64\KERNEL32.dll
0x76360000 - 0x763a7000 	C:\Windows\syswow64\KERNELBASE.dll
0x763b0000 - 0x76450000 	C:\Windows\syswow64\ADVAPI32.dll
0x76220000 - 0x762cc000 	C:\Windows\syswow64\msvcrt.dll
0x76200000 - 0x76219000 	C:\Windows\SysWOW64\sechost.dll
0x74f60000 - 0x75050000 	C:\Windows\syswow64\RPCRT4.dll
0x74ef0000 - 0x74f50000 	C:\Windows\syswow64\SspiCli.dll
0x74ee0000 - 0x74eec000 	C:\Windows\syswow64\CRYPTBASE.dll
0x769d0000 - 0x76ad0000 	C:\Windows\syswow64\USER32.dll
0x762d0000 - 0x76360000 	C:\Windows\syswow64\GDI32.dll
0x751d0000 - 0x751da000 	C:\Windows\syswow64\LPK.dll
0x76480000 - 0x7651d000 	C:\Windows\syswow64\USP10.dll
0x71ac0000 - 0x71c5e000 	C:\Windows\WinSxS\x86_microsoft.windows.common-controls_6595b64144ccf1df_6.0.7601.17514_none_41e6975e2bd6f2b2\COMCTL32.dll
0x76820000 - 0x76877000 	C:\Windows\syswow64\SHLWAPI.dll
0x76530000 - 0x76590000 	C:\Windows\system32\IMM32.DLL
0x754b0000 - 0x7557c000 	C:\Windows\syswow64\MSCTF.dll
0x73b60000 - 0x73c1e000 	C:\programmieren\JavaSDK\jre\bin\msvcr100.dll
0x734a0000 - 0x737c8000 	C:\programmieren\JavaSDK\jre\bin\client\jvm.dll
0x74790000 - 0x74797000 	C:\Windows\system32\WSOCK32.dll
0x76880000 - 0x768b5000 	C:\Windows\syswow64\WS2_32.dll
0x76520000 - 0x76526000 	C:\Windows\syswow64\NSI.dll
0x71580000 - 0x715b2000 	C:\Windows\system32\WINMM.dll
0x75420000 - 0x75425000 	C:\Windows\syswow64\PSAPI.DLL
0x73b50000 - 0x73b5c000 	C:\programmieren\JavaSDK\jre\bin\verify.dll
0x73b30000 - 0x73b50000 	C:\programmieren\JavaSDK\jre\bin\java.dll
0x73b10000 - 0x73b23000 	C:\programmieren\JavaSDK\jre\bin\zip.dll
0x6ab20000 - 0x6ac62000 	C:\programmieren\JavaSDK\jre\bin\awt.dll
0x76590000 - 0x7661f000 	C:\Windows\syswow64\OLEAUT32.dll
0x75070000 - 0x751cc000 	C:\Windows\syswow64\ole32.dll
0x71280000 - 0x71293000 	C:\Windows\system32\DWMAPI.DLL
0x712e0000 - 0x71360000 	C:\Windows\system32\uxtheme.dll
0x74780000 - 0x74789000 	C:\Windows\system32\VERSION.dll
0x737d0000 - 0x737db000 	C:\Windows\system32\atiu9pag.dll
0x75580000 - 0x761ca000 	C:\Windows\syswow64\SHELL32.dll
0x6ad60000 - 0x6ad8a000 	C:\programmieren\JavaSDK\jre\bin\fontmanager.dll
0x73af0000 - 0x73b04000 	C:\programmieren\JavaSDK\jre\bin\net.dll
0x71df0000 - 0x71e2c000 	C:\Windows\system32\mswsock.dll
0x71dd0000 - 0x71dd6000 	C:\Windows\System32\wship6.dll
0x73ae0000 - 0x73aef000 	C:\programmieren\JavaSDK\jre\bin\nio.dll
0x6ad20000 - 0x6ad51000 	C:\programmieren\JavaSDK\jre\bin\t2k.dll
0x76ef0000 - 0x76f73000 	C:\Windows\syswow64\CLBCatQ.DLL
0x73970000 - 0x73aa0000 	C:\Windows\system32\WindowsCodecs.dll
0x74720000 - 0x7476c000 	C:\Windows\system32\apphelp.dll
0x6a910000 - 0x6a941000 	C:\Windows\system32\EhStorShell.dll
0x76d40000 - 0x76edd000 	C:\Windows\syswow64\SETUPAPI.dll
0x77010000 - 0x77037000 	C:\Windows\syswow64\CFGMGR32.dll
0x76460000 - 0x76472000 	C:\Windows\syswow64\DEVOBJ.dll
0x719c0000 - 0x71ab5000 	C:\Windows\system32\PROPSYS.dll
0x6add0000 - 0x6ae40000 	C:\Windows\system32\ntshrui.dll
0x725e0000 - 0x725f9000 	C:\Windows\system32\srvcli.dll
0x71360000 - 0x7136b000 	C:\Windows\system32\cscapi.dll
0x712a0000 - 0x712aa000 	C:\Windows\system32\slc.dll
0x72090000 - 0x720a6000 	C:\Windows\system32\CRYPTSP.dll
0x72050000 - 0x7208b000 	C:\Windows\system32\rsaenh.dll
0x71e40000 - 0x71e57000 	C:\Windows\system32\USERENV.dll
0x71e30000 - 0x71e3b000 	C:\Windows\system32\profapi.dll
0x720b0000 - 0x720c0000 	C:\Windows\system32\NLAapi.dll
0x71dc0000 - 0x71dd0000 	C:\Windows\system32\napinsp.dll
0x71da0000 - 0x71db2000 	C:\Windows\system32\pnrpnsp.dll
0x71d50000 - 0x71d94000 	C:\Windows\system32\DNSAPI.dll
0x71d40000 - 0x71d48000 	C:\Windows\System32\winrnr.dll
0x71d10000 - 0x71d37000 	C:\Program Files (x86)\Common Files\Microsoft Shared\Windows Live\WLIDNSP.DLL
0x71de0000 - 0x71de5000 	C:\Windows\System32\wshtcpip.dll
0x72dc0000 - 0x72ddc000 	C:\Windows\system32\IPHLPAPI.DLL
0x72d90000 - 0x72d97000 	C:\Windows\system32\WINNSI.DLL
0x718a0000 - 0x718a6000 	C:\Windows\system32\rasadhlp.dll
0x718b0000 - 0x718e8000 	C:\Windows\System32\fwpuclnt.dll

VM Arguments:
jvm_args: -Dfile.encoding=Cp1252 
java_command: bots.Bot
Launcher Type: SUN_STANDARD

Environment Variables:
PATH=C:\Program Files (x86)\AMD APP\bin\x86_64;C:\Program Files (x86)\AMD APP\bin\x86;C:\Program Files\Common Files\Microsoft Shared\Windows Live;C:\Program Files (x86)\Common Files\Microsoft Shared\Windows Live;C:\Windows\system32;C:\Windows;C:\Windows\System32\Wbem;C:\Windows\System32\WindowsPowerShell\v1.0\;C:\Program Files (x86)\ATI Technologies\ATI.ACE\Core-Static;C:\Python25;C:\Program Files (x86)\Windows Live\Shared;C:\Program Files (x86)\MiKTeX 2.9\miktex\bin\;C:\Program Files (x86)\Git\cmd;C:\Program Files (x86)\Git\bin;C:\programmieren\JavaSDK\bin;C:\Apps\dekompilieren\jd-gui-0.3.5.windows(1);C:\apk-Dateien\dekompilieren\apktool
USERNAME=Joschka
OS=Windows_NT
PROCESSOR_IDENTIFIER=Intel64 Family 6 Model 42 Stepping 7, GenuineIntel



---------------  S Y S T E M  ---------------

OS: Windows 7 , 64 bit Build 7601 Service Pack 1

CPU:total 4 (4 cores per cpu, 1 threads per core) family 6 model 42 stepping 7, cmov, cx8, fxsr, mmx, sse, sse2, sse3, ssse3, sse4.1, sse4.2, popcnt

Memory: 4k page, physical 4171220k(2294196k free), swap 8340580k(6292916k free)

vm_info: Java HotSpot(TM) Client VM (22.1-b02) for windows-x86 JRE (1.7.0_03-b05), built on Feb  3 2012 20:43:37 by "java_re" with unknown MS VC++:1600

time: Mon Sep 02 22:39:28 2013
elapsed time: 55 seconds

