#
# A fatal error has been detected by the Java Runtime Environment:
#
#  EXCEPTION_ACCESS_VIOLATION (0xc0000005) at pc=0x6be43ae9, pid=4400, tid=6852
#
# JRE version: 7.0_03-b05
# Java VM: Java HotSpot(TM) Client VM (22.1-b02 mixed mode windows-x86 )
# Problematic frame:
# V  [jvm.dll+0xa3ae9]
#
# Failed to write core dump. Minidumps are not enabled by default on client versions of Windows
#
# If you would like to submit a bug report, please visit:
#   http://bugreport.sun.com/bugreport/crash.jsp
#

---------------  T H R E A D  ---------------

Current thread (0x19a2d000):  JavaThread "Thread-3" [_thread_in_vm, id=6852, stack(0x1d9b0000,0x1da00000)]

siginfo: ExceptionCode=0xc0000005, reading address 0x00000000

Registers:
EAX=0x00000000, EBX=0x199c6301, ECX=0x00000000, EDX=0x00000000
ESP=0x1d9ff24c, EBP=0x1d9ff258, ESI=0x19a2d000, EDI=0x199c6300
EIP=0x6be43ae9, EFLAGS=0x00010206

Top of Stack: (sp=0x1d9ff24c)
0x1d9ff24c:   1d9ff2e0 00000000 199c6300 1d9ff4c8
0x1d9ff25c:   1cb642a8 19a2d128 199c6300 00000000
0x1d9ff26c:   1d9ff280 1d9ff2a0 00000000 00000020
0x1d9ff27c:   1cb64220 6bda3393 19a2d000 7542dbe0
0x1d9ff28c:   00000000 1d9ff2c4 6bda3393 00000020
0x1d9ff29c:   1cb6420c 00000001 19a2d000 1d9ff500
0x1d9ff2ac:   1d9ff29c 1d9ff2c0 1d9ff938 7542db94
0x1d9ff2bc:   1cb641ee fffffffe 1d9ff2d8 6be43d0d 

Instructions: (pc=0x6be43ae9)
0x6be43ac9:   a0 09 00 33 f6 eb 02 8b f1 6a 06 56 e8 46 f9 f5
0x6be43ad9:   ff 8b 7d 0c 83 c4 08 b3 01 85 ff 74 3d 8b 45 10
0x6be43ae9:   8b 00 50 32 db e8 8d ad f7 ff 83 c4 04 85 c0 74
0x6be43af9:   29 8b 0f 8b 49 04 8b 50 10 83 c1 08 39 44 0a f8 


Register to memory mapping:

EAX=0x00000000 is an unknown value
EBX=0x199c6301 is an unknown value
ECX=0x00000000 is an unknown value
EDX=0x00000000 is an unknown value
ESP=0x1d9ff24c is pointing into the stack for thread: 0x19a2d000
EBP=0x1d9ff258 is pointing into the stack for thread: 0x19a2d000
ESI=0x19a2d000 is a thread
EDI=0x199c6300 is an unknown value


Stack: [0x1d9b0000,0x1da00000],  sp=0x1d9ff24c,  free space=316k
Native frames: (J=compiled Java code, j=interpreted, Vv=VM code, C=native code)
V  [jvm.dll+0xa3ae9]
C  0x1cb642a8
C  0x1cb64d2e
J  com.sun.jna.Function.invokeInt(I[Ljava/lang/Object;)I
J  com.sun.jna.Function.invoke([Ljava/lang/Object;Ljava/lang/Class;Z)Ljava/lang/Object;
V  [jvm.dll+0x123c0a]
V  [jvm.dll+0x1c9e8e]
V  [jvm.dll+0x123df3]
V  [jvm.dll+0x123e57]
V  [jvm.dll+0xcd90f]
V  [jvm.dll+0x14394f]
V  [jvm.dll+0x1720b9]
C  [msvcr100.dll+0x5c6de]  endthreadex+0x3a
C  [msvcr100.dll+0x5c788]  endthreadex+0xe4
C  [KERNEL32.dll+0x133aa]  BaseThreadInitThunk+0x12
C  [ntdll.dll+0x39f72]  RtlInitializeExceptionChain+0x63
C  [ntdll.dll+0x39f45]  RtlInitializeExceptionChain+0x36

Java frames: (J=compiled Java code, j=interpreted, Vv=VM code)
J  com.sun.jna.Function.invokeInt(I[Ljava/lang/Object;)I
J  com.sun.jna.Function.invoke([Ljava/lang/Object;Ljava/lang/Class;Z)Ljava/lang/Object;
J  com.sun.jna.Function.invoke(Ljava/lang/Class;[Ljava/lang/Object;Ljava/util/Map;)Ljava/lang/Object;
J  com.sun.jna.Library$Handler.invoke(Ljava/lang/Object;Ljava/lang/reflect/Method;[Ljava/lang/Object;)Ljava/lang/Object;
J  jhook.$Proxy0.GetAsyncKeyState(I)Z
J  jhook.Keyboard.run()V
v  ~StubRoutines::call_stub

---------------  P R O C E S S  ---------------

Java Threads: ( => current thread )
  0x19a32400 JavaThread "TimerQueue" daemon [_thread_blocked, id=5996, stack(0x1d6d0000,0x1d720000)]
=>0x19a2d000 JavaThread "Thread-3" [_thread_in_vm, id=6852, stack(0x1d9b0000,0x1da00000)]
  0x001b9800 JavaThread "DestroyJavaVM" [_thread_blocked, id=7376, stack(0x00380000,0x003d0000)]
  0x19a22c00 JavaThread "Interrupter" [_thread_blocked, id=4320, stack(0x1d7a0000,0x1d7f0000)]
  0x199c4c00 JavaThread "AWT-EventQueue-0" [_thread_blocked, id=7740, stack(0x1ca90000,0x1cae0000)]
  0x00e3c400 JavaThread "AWT-Shutdown" [_thread_blocked, id=6148, stack(0x189b0000,0x18a00000)]
  0x00d65400 JavaThread "Java2D Disposer" daemon [_thread_blocked, id=4532, stack(0x186f0000,0x18740000)]
  0x00cac400 JavaThread "Service Thread" daemon [_thread_blocked, id=5992, stack(0x187e0000,0x18830000)]
  0x00ca4000 JavaThread "C1 CompilerThread0" daemon [_thread_blocked, id=4280, stack(0x18940000,0x18990000)]
  0x00ca2c00 JavaThread "Attach Listener" daemon [_thread_blocked, id=6424, stack(0x188a0000,0x188f0000)]
  0x00c9fc00 JavaThread "Signal Dispatcher" daemon [_thread_blocked, id=7216, stack(0x18760000,0x187b0000)]
  0x00c4a800 JavaThread "Finalizer" daemon [_thread_blocked, id=6672, stack(0x011d0000,0x01220000)]
  0x00c45c00 JavaThread "Reference Handler" daemon [_thread_blocked, id=8048, stack(0x00f70000,0x00fc0000)]

Other Threads:
  0x00c41400 VMThread [stack: 0x00ee0000,0x00f30000] [id=6736]
  0x00cb8400 WatcherThread [stack: 0x18a20000,0x18a70000] [id=7300]

VM state:not at safepoint (normal execution)

VM Mutex/Monitor currently owned by a thread: None

Heap
 def new generation   total 4928K, used 2976K [0x046e0000, 0x04c30000, 0x09c30000)
  eden space 4416K,  67% used [0x046e0000, 0x049c5a20, 0x04b30000)
  from space 512K,   1% used [0x04bb0000, 0x04bb28d8, 0x04c30000)
  to   space 512K,   0% used [0x04b30000, 0x04b30000, 0x04bb0000)
 tenured generation   total 10944K, used 3672K [0x09c30000, 0x0a6e0000, 0x146e0000)
   the space 10944K,  33% used [0x09c30000, 0x09fc62e0, 0x09fc6400, 0x0a6e0000)
 compacting perm gen  total 12288K, used 8763K [0x146e0000, 0x152e0000, 0x186e0000)
   the space 12288K,  71% used [0x146e0000, 0x14f6ef60, 0x14f6f000, 0x152e0000)
No shared spaces configured.

Code Cache  [0x026e0000, 0x02848000, 0x046e0000)
 total_blobs=724 nmethods=486 adapters=174 free_code_cache=31342Kb largest_free_block=32082688

Dynamic libraries:
0x012b0000 - 0x012df000 	C:\programmieren\JavaSDK\bin\javaw.exe
0x77780000 - 0x77900000 	C:\Windows\SysWOW64\ntdll.dll
0x72050000 - 0x7208f000 	C:\Program Files\AVAST Software\Avast\snxhk.dll
0x75470000 - 0x75580000 	C:\Windows\syswow64\KERNEL32.dll
0x75a10000 - 0x75a57000 	C:\Windows\syswow64\KERNELBASE.dll
0x753c0000 - 0x75460000 	C:\Windows\syswow64\ADVAPI32.dll
0x758a0000 - 0x7594c000 	C:\Windows\syswow64\msvcrt.dll
0x75850000 - 0x75869000 	C:\Windows\SysWOW64\sechost.dll
0x76d30000 - 0x76e20000 	C:\Windows\syswow64\RPCRT4.dll
0x751d0000 - 0x75230000 	C:\Windows\syswow64\SspiCli.dll
0x751c0000 - 0x751cc000 	C:\Windows\syswow64\CRYPTBASE.dll
0x76950000 - 0x76a50000 	C:\Windows\syswow64\USER32.dll
0x757b0000 - 0x75840000 	C:\Windows\syswow64\GDI32.dll
0x77020000 - 0x7702a000 	C:\Windows\syswow64\LPK.dll
0x771e0000 - 0x7727d000 	C:\Windows\syswow64\USP10.dll
0x71d80000 - 0x71f1e000 	C:\Windows\WinSxS\x86_microsoft.windows.common-controls_6595b64144ccf1df_6.0.7601.17514_none_41e6975e2bd6f2b2\COMCTL32.dll
0x76aa0000 - 0x76af7000 	C:\Windows\syswow64\SHLWAPI.dll
0x75230000 - 0x75290000 	C:\Windows\system32\IMM32.DLL
0x77280000 - 0x7734c000 	C:\Windows\syswow64\MSCTF.dll
0x6c1c0000 - 0x6c27e000 	C:\programmieren\JavaSDK\jre\bin\msvcr100.dll
0x6bda0000 - 0x6c0c8000 	C:\programmieren\JavaSDK\jre\bin\client\jvm.dll
0x74a70000 - 0x74a77000 	C:\Windows\system32\WSOCK32.dll
0x75950000 - 0x75985000 	C:\Windows\syswow64\WS2_32.dll
0x755b0000 - 0x755b6000 	C:\Windows\syswow64\NSI.dll
0x73c20000 - 0x73c52000 	C:\Windows\system32\WINMM.dll
0x75a70000 - 0x75a75000 	C:\Windows\syswow64\PSAPI.DLL
0x733f0000 - 0x733fc000 	C:\programmieren\JavaSDK\jre\bin\verify.dll
0x73350000 - 0x73370000 	C:\programmieren\JavaSDK\jre\bin\java.dll
0x71a70000 - 0x71a83000 	C:\programmieren\JavaSDK\jre\bin\zip.dll
0x6d520000 - 0x6d662000 	C:\programmieren\JavaSDK\jre\bin\awt.dll
0x768c0000 - 0x7694f000 	C:\Windows\syswow64\OLEAUT32.dll
0x75b10000 - 0x75c6c000 	C:\Windows\syswow64\ole32.dll
0x74330000 - 0x74343000 	C:\Windows\system32\DWMAPI.DLL
0x713e0000 - 0x71460000 	C:\Windows\system32\uxtheme.dll
0x74a60000 - 0x74a69000 	C:\Windows\system32\VERSION.dll
0x73810000 - 0x7381b000 	C:\Windows\system32\atiu9pag.dll
0x75c70000 - 0x768ba000 	C:\Windows\syswow64\SHELL32.dll
0x6fbd0000 - 0x6fbfa000 	C:\programmieren\JavaSDK\jre\bin\fontmanager.dll
0x718d0000 - 0x718e4000 	C:\programmieren\JavaSDK\jre\bin\net.dll
0x72200000 - 0x7223c000 	C:\Windows\system32\mswsock.dll
0x721e0000 - 0x721e6000 	C:\Windows\System32\wship6.dll
0x733a0000 - 0x733af000 	C:\programmieren\JavaSDK\jre\bin\nio.dll
0x6fb90000 - 0x6fbc1000 	C:\programmieren\JavaSDK\jre\bin\t2k.dll
0x75a80000 - 0x75b03000 	C:\Windows\syswow64\CLBCatQ.DLL
0x72e90000 - 0x72fc0000 	C:\Windows\system32\WindowsCodecs.dll
0x74a00000 - 0x74a4c000 	C:\Windows\system32\apphelp.dll
0x6ce30000 - 0x6ce61000 	C:\Windows\system32\EhStorShell.dll
0x76b70000 - 0x76d0d000 	C:\Windows\syswow64\SETUPAPI.dll
0x77350000 - 0x77377000 	C:\Windows\syswow64\CFGMGR32.dll
0x755c0000 - 0x755d2000 	C:\Windows\syswow64\DEVOBJ.dll
0x71c80000 - 0x71d75000 	C:\Windows\system32\PROPSYS.dll
0x72c80000 - 0x72cf0000 	C:\Windows\system32\ntshrui.dll
0x728c0000 - 0x728d9000 	C:\Windows\system32\srvcli.dll
0x72d70000 - 0x72d7b000 	C:\Windows\system32\cscapi.dll
0x72d50000 - 0x72d5a000 	C:\Windows\system32\slc.dll
0x724a0000 - 0x724b6000 	C:\Windows\system32\CRYPTSP.dll
0x72460000 - 0x7249b000 	C:\Windows\system32\rsaenh.dll
0x72250000 - 0x72267000 	C:\Windows\system32\USERENV.dll
0x72240000 - 0x7224b000 	C:\Windows\system32\profapi.dll
0x724c0000 - 0x724d0000 	C:\Windows\system32\NLAapi.dll
0x721d0000 - 0x721e0000 	C:\Windows\system32\napinsp.dll
0x721b0000 - 0x721c2000 	C:\Windows\system32\pnrpnsp.dll
0x72160000 - 0x721a4000 	C:\Windows\system32\DNSAPI.dll
0x72150000 - 0x72158000 	C:\Windows\System32\winrnr.dll
0x72120000 - 0x72147000 	C:\Program Files (x86)\Common Files\Microsoft Shared\Windows Live\WLIDNSP.DLL
0x721f0000 - 0x721f5000 	C:\Windows\System32\wshtcpip.dll
0x730a0000 - 0x730bc000 	C:\Windows\system32\IPHLPAPI.DLL
0x73090000 - 0x73097000 	C:\Windows\system32\WINNSI.DLL
0x71bd0000 - 0x71bd6000 	C:\Windows\system32\rasadhlp.dll
0x71c40000 - 0x71c78000 	C:\Windows\System32\fwpuclnt.dll

VM Arguments:
jvm_args: -Dfile.encoding=Cp1252 
java_command: bots.Bot
Launcher Type: SUN_STANDARD

Environment Variables:
PATH=C:\Program Files (x86)\AMD APP\bin\x86_64;C:\Program Files (x86)\AMD APP\bin\x86;C:\Program Files\Common Files\Microsoft Shared\Windows Live;C:\Program Files (x86)\Common Files\Microsoft Shared\Windows Live;C:\Windows\system32;C:\Windows;C:\Windows\System32\Wbem;C:\Windows\System32\WindowsPowerShell\v1.0\;C:\Program Files (x86)\ATI Technologies\ATI.ACE\Core-Static;C:\Python25;C:\Program Files (x86)\Windows Live\Shared;C:\Program Files (x86)\MiKTeX 2.9\miktex\bin\;C:\Program Files (x86)\Git\cmd;C:\Program Files (x86)\Git\bin;C:\programmieren\JavaSDK\bin;C:\Apps\dekompilieren\jd-gui-0.3.5.windows(1);C:\apk-Dateien\dekompilieren\apktool
USERNAME=Joschka
OS=Windows_NT
PROCESSOR_IDENTIFIER=Intel64 Family 6 Model 42 Stepping 7, GenuineIntel



---------------  S Y S T E M  ---------------

OS: Windows 7 , 64 bit Build 7601 Service Pack 1

CPU:total 4 (4 cores per cpu, 1 threads per core) family 6 model 42 stepping 7, cmov, cx8, fxsr, mmx, sse, sse2, sse3, ssse3, sse4.1, sse4.2, popcnt

Memory: 4k page, physical 4171220k(2573452k free), swap 8340580k(6161048k free)

vm_info: Java HotSpot(TM) Client VM (22.1-b02) for windows-x86 JRE (1.7.0_03-b05), built on Feb  3 2012 20:43:37 by "java_re" with unknown MS VC++:1600

time: Sat Aug 31 14:26:02 2013
elapsed time: 8 seconds

