#
# A fatal error has been detected by the Java Runtime Environment:
#
#  EXCEPTION_ACCESS_VIOLATION (0xc0000005) at pc=0x1cdc4d00, pid=728, tid=3996
#
# JRE version: 7.0_03-b05
# Java VM: Java HotSpot(TM) Client VM (22.1-b02 mixed mode windows-x86 )
# Problematic frame:
# C  0x1cdc4d00
#
# Failed to write core dump. Minidumps are not enabled by default on client versions of Windows
#
# If you would like to submit a bug report, please visit:
#   http://bugreport.sun.com/bugreport/crash.jsp
# The crash happened outside the Java Virtual Machine in native code.
# See problematic frame for where to report the bug.
#

---------------  T H R E A D  ---------------

Current thread (0x19a20000):  JavaThread "Thread-3" [_thread_in_native, id=3996, stack(0x1da00000,0x1da50000)]

siginfo: ExceptionCode=0xc0000005, ExceptionInformation=0x00000008 0x1cdc4d00

Registers:
EAX=0x1da4f050, EBX=0x00000000, ECX=0x0a0604e8, EDX=0x19a20128
ESP=0x1da4f01c, EBP=0x1da4f048, ESI=0x00000000, EDI=0x19a20000
EIP=0x1cdc4d00, EFLAGS=0x00010246

Top of Stack: (sp=0x1da4f01c)
0x1da4f01c:   028e5f6d 19a20128 1da4f030 00000000
0x1da4f02c:   1da4f050 0a0604e8 1da4f048 6b0e8b60
0x1da4f03c:   19a20000 09dc4bc0 00000000 1da4f3b4
0x1da4f04c:   028f85dc 054e0040 1da4f058 09dc4bc0
0x1da4f05c:   09dc4bc0 09df4960 028ea919 1da4f3b4
0x1da4f06c:   028eb28c 1da4f030 0292b049 1da4f468
0x1da4f07c:   754d6ff0 0a0604e8 052cf690 754b14d0
0x1da4f08c:   758a1194 00000490 ffffffff 00000000 

Instructions: (pc=0x1cdc4d00)
0x1cdc4ce0:   
[error occurred during error reporting (printing registers, top of stack, instructions near pc), id 0xc0000005]

Register to memory mapping:

EAX=0x1da4f050 is pointing into the stack for thread: 0x19a20000
EBX=0x00000000 is an unknown value
ECX=0x0a0604e8 is an oop
com.sun.jna.Function 
 - klass: 'com/sun/jna/Function'
EDX=0x19a20128 is an unknown value
ESP=0x1da4f01c is pointing into the stack for thread: 0x19a20000
EBP=0x1da4f048 is pointing into the stack for thread: 0x19a20000
ESI=0x00000000 is an unknown value
EDI=0x19a20000 is a thread


Stack: [0x1da00000,0x1da50000],  sp=0x1da4f01c,  free space=316k
Native frames: (J=compiled Java code, j=interpreted, Vv=VM code, C=native code)
C  0x1cdc4d00
J  com.sun.jna.Function.invoke([Ljava/lang/Object;Ljava/lang/Class;Z)Ljava/lang/Object;
V  [jvm.dll+0x123c0a]
V  [jvm.dll+0x1c9e8e]
V  [jvm.dll+0x123df3]
V  [jvm.dll+0x123e57]
V  [jvm.dll+0xcd90f]
V  [jvm.dll+0x14394f]
V  [jvm.dll+0x1720b9]
C  [msvcr100.dll+0x5c6de]  endthreadex+0x3a
C  [msvcr100.dll+0x5c788]  endthreadex+0xe4
C  [KERNEL32.dll+0x1336a]  BaseThreadInitThunk+0x12
C  [ntdll.dll+0x39f72]  RtlInitializeExceptionChain+0x63
C  [ntdll.dll+0x39f45]  RtlInitializeExceptionChain+0x36

Java frames: (J=compiled Java code, j=interpreted, Vv=VM code)
J  com.sun.jna.Function.invokeInt(I[Ljava/lang/Object;)I
J  com.sun.jna.Function.invoke([Ljava/lang/Object;Ljava/lang/Class;Z)Ljava/lang/Object;
J  com.sun.jna.Function.invoke(Ljava/lang/Class;[Ljava/lang/Object;Ljava/util/Map;)Ljava/lang/Object;
J  com.sun.jna.Library$Handler.invoke(Ljava/lang/Object;Ljava/lang/reflect/Method;[Ljava/lang/Object;)Ljava/lang/Object;
J  jhook.$Proxy0.GetAsyncKeyState(I)Z
J  jhook.Keyboard.run()V
v  ~StubRoutines::call_stub

---------------  P R O C E S S  ---------------

Java Threads: ( => current thread )
  0x1eb32c00 JavaThread "Thread-1" daemon [_thread_in_native, id=3260, stack(0x1b9c0000,0x1ba10000)]
  0x1eb31800 JavaThread "Thread-10" [_thread_blocked, id=4472, stack(0x1f430000,0x1f480000)]
  0x1eb31000 JavaThread "Thread-9" [_thread_blocked, id=4184, stack(0x1e660000,0x1e6b0000)]
  0x1eddd000 JavaThread "Thread-7" [_thread_blocked, id=2280, stack(0x1f010000,0x1f060000)]
  0x1eddcc00 JavaThread "Thread-6" [_thread_blocked, id=3812, stack(0x1e780000,0x1e7d0000)]
  0x19a60000 JavaThread "TimerQueue" daemon [_thread_blocked, id=4188, stack(0x1d9b0000,0x1da00000)]
=>0x19a20000 JavaThread "Thread-3" [_thread_in_native, id=3996, stack(0x1da00000,0x1da50000)]
  0x00919800 JavaThread "DestroyJavaVM" [_thread_blocked, id=4588, stack(0x009e0000,0x00a30000)]
  0x19a29800 JavaThread "Interrupter" [_thread_blocked, id=1352, stack(0x1ce20000,0x1ce70000)]
  0x199efc00 JavaThread "AWT-EventQueue-0" [_thread_in_native, id=5068, stack(0x1b900000,0x1b950000)]
  0x199ee400 JavaThread "AWT-Shutdown" [_thread_blocked, id=4452, stack(0x1b960000,0x1b9b0000)]
  0x00dca800 JavaThread "Java2D Disposer" daemon [_thread_blocked, id=3240, stack(0x18cd0000,0x18d20000)]
  0x00d08800 JavaThread "Service Thread" daemon [_thread_blocked, id=2772, stack(0x18870000,0x188c0000)]
  0x00d04000 JavaThread "C1 CompilerThread0" daemon [_thread_blocked, id=2228, stack(0x189a0000,0x189f0000)]
  0x00d02c00 JavaThread "Attach Listener" daemon [_thread_blocked, id=3692, stack(0x01310000,0x01360000)]
  0x00cffc00 JavaThread "Signal Dispatcher" daemon [_thread_blocked, id=4936, stack(0x187e0000,0x18830000)]
  0x00ca7000 JavaThread "Finalizer" daemon [_thread_blocked, id=4964, stack(0x01290000,0x012e0000)]
  0x00ca5c00 JavaThread "Reference Handler" daemon [_thread_blocked, id=4892, stack(0x01130000,0x01180000)]

Other Threads:
  0x00ca1400 VMThread [stack: 0x00f60000,0x00fb0000] [id=4916]
  0x00d25800 WatcherThread [stack: 0x18ab0000,0x18b00000] [id=908]

VM state:at safepoint (normal execution)

VM Mutex/Monitor currently owned by a thread:  ([mutex/lock_event])
[0x009179b8] Threads_lock - owner thread: 0x00ca1400
[0x00917dc8] Heap_lock - owner thread: 0x1eddcc00

Heap
 def new generation   total 14976K, used 0K [0x047e0000, 0x05820000, 0x09d30000)
  eden space 13312K,   0% used [0x047e0000, 0x047e5770, 0x054e0000)
  from space 1664K,   0% used [0x054e0000, 0x054e0000, 0x05680000)
  to   space 1664K,   0% used [0x05680000, 0x05680000, 0x05820000)
 tenured generation   total 33124K, used 32591K [0x09d30000, 0x0bd89000, 0x147e0000)
   the space 33124K,  98% used [0x09d30000, 0x0bd03e70, 0x0bd04000, 0x0bd89000)
 compacting perm gen  total 12288K, used 9085K [0x147e0000, 0x153e0000, 0x187e0000)
   the space 12288K,  73% used [0x147e0000, 0x150bf598, 0x150bf600, 0x153e0000)
No shared spaces configured.

Code Cache  [0x027e0000, 0x02b48000, 0x047e0000)
 total_blobs=1472 nmethods=1230 adapters=177 free_code_cache=29292Kb largest_free_block=29995328

Dynamic libraries:
0x013b0000 - 0x013df000 	C:\programmieren\JavaSDK\bin\javaw.exe
0x77870000 - 0x779f0000 	C:\Windows\SysWOW64\ntdll.dll
0x71640000 - 0x7167f000 	C:\Program Files\AVAST Software\Avast\snxhk.dll
0x75890000 - 0x759a0000 	C:\Windows\syswow64\KERNEL32.dll
0x754a0000 - 0x754e7000 	C:\Windows\syswow64\KERNELBASE.dll
0x763b0000 - 0x76450000 	C:\Windows\syswow64\ADVAPI32.dll
0x76190000 - 0x7623c000 	C:\Windows\syswow64\msvcrt.dll
0x75500000 - 0x75519000 	C:\Windows\SysWOW64\sechost.dll
0x75770000 - 0x75860000 	C:\Windows\syswow64\RPCRT4.dll
0x752d0000 - 0x75330000 	C:\Windows\syswow64\SspiCli.dll
0x752c0000 - 0x752cc000 	C:\Windows\syswow64\CRYPTBASE.dll
0x76090000 - 0x76190000 	C:\Windows\syswow64\USER32.dll
0x773a0000 - 0x77430000 	C:\Windows\syswow64\GDI32.dll
0x754f0000 - 0x754fa000 	C:\Windows\syswow64\LPK.dll
0x76460000 - 0x764fd000 	C:\Windows\syswow64\USP10.dll
0x71dd0000 - 0x71f6e000 	C:\Windows\WinSxS\x86_microsoft.windows.common-controls_6595b64144ccf1df_6.0.7601.17514_none_41e6975e2bd6f2b2\COMCTL32.dll
0x75d60000 - 0x75db7000 	C:\Windows\syswow64\SHLWAPI.dll
0x771e0000 - 0x77240000 	C:\Windows\system32\IMM32.DLL
0x75fc0000 - 0x7608c000 	C:\Windows\syswow64\MSCTF.dll
0x6b350000 - 0x6b40e000 	C:\programmieren\JavaSDK\jre\bin\msvcr100.dll
0x6b020000 - 0x6b348000 	C:\programmieren\JavaSDK\jre\bin\client\jvm.dll
0x74b70000 - 0x74b77000 	C:\Windows\system32\WSOCK32.dll
0x77430000 - 0x77465000 	C:\Windows\syswow64\WS2_32.dll
0x75d50000 - 0x75d56000 	C:\Windows\syswow64\NSI.dll
0x73670000 - 0x736a2000 	C:\Windows\system32\WINMM.dll
0x76450000 - 0x76455000 	C:\Windows\syswow64\PSAPI.DLL
0x6b010000 - 0x6b01c000 	C:\programmieren\JavaSDK\jre\bin\verify.dll
0x6aff0000 - 0x6b010000 	C:\programmieren\JavaSDK\jre\bin\java.dll
0x6afd0000 - 0x6afe3000 	C:\programmieren\JavaSDK\jre\bin\zip.dll
0x6ad40000 - 0x6ae82000 	C:\programmieren\JavaSDK\jre\bin\awt.dll
0x77150000 - 0x771df000 	C:\Windows\syswow64\OLEAUT32.dll
0x77240000 - 0x7739c000 	C:\Windows\syswow64\ole32.dll
0x736b0000 - 0x736c3000 	C:\Windows\system32\DWMAPI.DLL
0x71ac0000 - 0x71b40000 	C:\Windows\system32\uxtheme.dll
0x74b60000 - 0x74b69000 	C:\Windows\system32\VERSION.dll
0x716a0000 - 0x716ab000 	C:\Windows\system32\atiu9pag.dll
0x76500000 - 0x7714a000 	C:\Windows\syswow64\SHELL32.dll
0x70d70000 - 0x70d9a000 	C:\programmieren\JavaSDK\jre\bin\fontmanager.dll
0x6afb0000 - 0x6afc4000 	C:\programmieren\JavaSDK\jre\bin\net.dll
0x721f0000 - 0x7222c000 	C:\Windows\system32\mswsock.dll
0x721d0000 - 0x721d6000 	C:\Windows\System32\wship6.dll
0x6afa0000 - 0x6afaf000 	C:\programmieren\JavaSDK\jre\bin\nio.dll
0x70cb0000 - 0x70ce1000 	C:\programmieren\JavaSDK\jre\bin\t2k.dll
0x75540000 - 0x755c3000 	C:\Windows\syswow64\CLBCatQ.DLL
0x6cf40000 - 0x6d070000 	C:\Windows\system32\WindowsCodecs.dll
0x74b00000 - 0x74b4c000 	C:\Windows\system32\apphelp.dll
0x6ac10000 - 0x6ac41000 	C:\Windows\system32\EhStorShell.dll
0x755d0000 - 0x7576d000 	C:\Windows\syswow64\SETUPAPI.dll
0x75b50000 - 0x75b77000 	C:\Windows\syswow64\CFGMGR32.dll
0x76370000 - 0x76382000 	C:\Windows\syswow64\DEVOBJ.dll
0x71710000 - 0x71805000 	C:\Windows\system32\PROPSYS.dll
0x6ae90000 - 0x6af00000 	C:\Windows\system32\ntshrui.dll
0x72980000 - 0x72999000 	C:\Windows\system32\srvcli.dll
0x6af60000 - 0x6af6b000 	C:\Windows\system32\cscapi.dll
0x6af50000 - 0x6af5a000 	C:\Windows\system32\slc.dll
0x72450000 - 0x72466000 	C:\Windows\system32\CRYPTSP.dll
0x72130000 - 0x7216b000 	C:\Windows\system32\rsaenh.dll
0x72240000 - 0x72257000 	C:\Windows\system32\USERENV.dll
0x72230000 - 0x7223b000 	C:\Windows\system32\profapi.dll
0x72470000 - 0x72480000 	C:\Windows\system32\NLAapi.dll
0x72120000 - 0x72130000 	C:\Windows\system32\napinsp.dll
0x72100000 - 0x72112000 	C:\Windows\system32\pnrpnsp.dll
0x720b0000 - 0x720f4000 	C:\Windows\system32\DNSAPI.dll
0x720a0000 - 0x720a8000 	C:\Windows\System32\winrnr.dll
0x72070000 - 0x72097000 	C:\Program Files (x86)\Common Files\Microsoft Shared\Windows Live\WLIDNSP.DLL
0x721e0000 - 0x721e5000 	C:\Windows\System32\wshtcpip.dll
0x732a0000 - 0x732bc000 	C:\Windows\system32\IPHLPAPI.DLL
0x73290000 - 0x73297000 	C:\Windows\system32\WINNSI.DLL
0x72020000 - 0x72026000 	C:\Windows\system32\rasadhlp.dll
0x72030000 - 0x72068000 	C:\Windows\System32\fwpuclnt.dll

VM Arguments:
jvm_args: -Dfile.encoding=Cp1252 
java_command: bots.Bot
Launcher Type: SUN_STANDARD

Environment Variables:
PATH=C:\Program Files (x86)\NVIDIA Corporation\PhysX\Common;C:\Program Files (x86)\AMD APP\bin\x86_64;C:\Program Files (x86)\AMD APP\bin\x86;C:\Program Files\Common Files\Microsoft Shared\Windows Live;C:\Program Files (x86)\Common Files\Microsoft Shared\Windows Live;C:\Windows\system32;C:\Windows;C:\Windows\System32\Wbem;C:\Windows\System32\WindowsPowerShell\v1.0\;C:\Program Files (x86)\ATI Technologies\ATI.ACE\Core-Static;C:\Python25;C:\Program Files (x86)\Windows Live\Shared;C:\Program Files (x86)\MiKTeX 2.9\miktex\bin\;C:\Program Files (x86)\Git\cmd;C:\Program Files (x86)\Git\bin;C:\programmieren\JavaSDK\bin;C:\Apps\dekompilieren\jd-gui-0.3.5.windows(1);C:\apk-Dateien\dekompilieren\apktool
USERNAME=Joschka
OS=Windows_NT
PROCESSOR_IDENTIFIER=Intel64 Family 6 Model 42 Stepping 7, GenuineIntel



---------------  S Y S T E M  ---------------

OS: Windows 7 , 64 bit Build 7601 Service Pack 1

CPU:total 4 (4 cores per cpu, 1 threads per core) family 6 model 42 stepping 7, cmov, cx8, fxsr, mmx, sse, sse2, sse3, ssse3, sse4.1, sse4.2, popcnt

Memory: 4k page, physical 4171220k(2818116k free), swap 8340576k(6247936k free)

vm_info: Java HotSpot(TM) Client VM (22.1-b02) for windows-x86 JRE (1.7.0_03-b05), built on Feb  3 2012 20:43:37 by "java_re" with unknown MS VC++:1600

time: Mon Nov 18 15:03:48 2013
elapsed time: 106 seconds

