#
# A fatal error has been detected by the Java Runtime Environment:
#
#  EXCEPTION_ACCESS_VIOLATION (0xc0000005) at pc=0x1d8f4d00, pid=1164, tid=3820
#
# JRE version: 7.0_03-b05
# Java VM: Java HotSpot(TM) Client VM (22.1-b02 mixed mode windows-x86 )
# Problematic frame:
# C  0x1d8f4d00
#
# Failed to write core dump. Minidumps are not enabled by default on client versions of Windows
#
# If you would like to submit a bug report, please visit:
#   http://bugreport.sun.com/bugreport/crash.jsp
# The crash happened outside the Java Virtual Machine in native code.
# See problematic frame for where to report the bug.
#

---------------  T H R E A D  ---------------

Current thread (0x18dbe800):  JavaThread "Thread-3" [_thread_in_native, id=3820, stack(0x1d9f0000,0x1da40000)]

siginfo: ExceptionCode=0xc0000005, ExceptionInformation=0x00000008 0x1d8f4d00

Registers:
EAX=0x1da3f4f0, EBX=0x00000000, ECX=0x09cdad58, EDX=0x18dbe928
ESP=0x1da3f4bc, EBP=0x1da3f4e8, ESI=0x00000000, EDI=0x18dbe800
EIP=0x1d8f4d00, EFLAGS=0x00010246

Top of Stack: (sp=0x1da3f4bc)
0x1da3f4bc:   0258632d 18dbe928 1da3f4d0 00000000
0x1da3f4cc:   1da3f4f0 09cdad58 1da3f4e8 70948b60
0x1da3f4dc:   18dbe800 09a5e218 00000000 1da3f854
0x1da3f4ec:   0259899c 04d6d458 1da3f4f8 09a5e218
0x1da3f4fc:   09a5e218 09a90040 0258acd9 1da3f854
0x1da3f50c:   0258b64c 00003256 1da3f594 00003256
0x1da3f51c:   088c36a8 09cdad58 04d6d458 18dbe800
0x1da3f52c:   00003256 00000000 770bf8d1 7628149d 

Instructions: (pc=0x1d8f4d00)
0x1d8f4ce0:   
[error occurred during error reporting (printing registers, top of stack, instructions near pc), id 0xc0000005]

Register to memory mapping:

EAX=0x1da3f4f0 is pointing into the stack for thread: 0x18dbe800
EBX=0x00000000 is an unknown value
ECX=0x09cdad58 is an oop
com.sun.jna.Function 
 - klass: 'com/sun/jna/Function'
EDX=0x18dbe928 is an unknown value
ESP=0x1da3f4bc is pointing into the stack for thread: 0x18dbe800
EBP=0x1da3f4e8 is pointing into the stack for thread: 0x18dbe800
ESI=0x00000000 is an unknown value
EDI=0x18dbe800 is a thread


Stack: [0x1d9f0000,0x1da40000],  sp=0x1da3f4bc,  free space=317k
Native frames: (J=compiled Java code, j=interpreted, Vv=VM code, C=native code)
C  0x1d8f4d00
J  com.sun.jna.Function.invoke([Ljava/lang/Object;Ljava/lang/Class;Z)Ljava/lang/Object;
V  [jvm.dll+0x123c0a]
V  [jvm.dll+0x1c9e8e]
V  [jvm.dll+0x123df3]
V  [jvm.dll+0x123e57]
V  [jvm.dll+0xcd90f]
V  [jvm.dll+0x14394f]
V  [jvm.dll+0x1720b9]
C  [msvcr100.dll+0x5c6de]  endthreadex+0x3a
C  [msvcr100.dll+0x5c788]  endthreadex+0xe4
C  [KERNEL32.dll+0x133aa]  BaseThreadInitThunk+0x12
C  [ntdll.dll+0x39f72]  RtlInitializeExceptionChain+0x63
C  [ntdll.dll+0x39f45]  RtlInitializeExceptionChain+0x36

Java frames: (J=compiled Java code, j=interpreted, Vv=VM code)
J  com.sun.jna.Function.invokeInt(I[Ljava/lang/Object;)I
J  com.sun.jna.Function.invoke([Ljava/lang/Object;Ljava/lang/Class;Z)Ljava/lang/Object;
J  com.sun.jna.Function.invoke(Ljava/lang/Class;[Ljava/lang/Object;Ljava/util/Map;)Ljava/lang/Object;
J  com.sun.jna.Library$Handler.invoke(Ljava/lang/Object;Ljava/lang/reflect/Method;[Ljava/lang/Object;)Ljava/lang/Object;
J  jhook.$Proxy0.GetAsyncKeyState(I)Z
J  jhook.Keyboard.run()V
v  ~StubRoutines::call_stub

---------------  P R O C E S S  ---------------

Java Threads: ( => current thread )
  0x00da4800 JavaThread "Thread-1" daemon [_thread_in_native, id=4988, stack(0x1cd80000,0x1cdd0000)]
  0x00da3c00 JavaThread "Thread-25" [_thread_in_Java, id=4836, stack(0x203c0000,0x20410000)]
  0x00da3800 JavaThread "Thread-24" [_thread_in_Java, id=216, stack(0x1d990000,0x1d9e0000)]
  0x00da2800 JavaThread "Thread-22" [_thread_in_Java, id=1764, stack(0x204a0000,0x204f0000)]
  0x00da3000 JavaThread "Thread-21" [_thread_in_Java, id=2596, stack(0x1e790000,0x1e7e0000)]
  0x18de7000 JavaThread "TimerQueue" daemon [_thread_blocked, id=292, stack(0x1e5a0000,0x1e5f0000)]
=>0x18dbe800 JavaThread "Thread-3" [_thread_in_native, id=3820, stack(0x1d9f0000,0x1da40000)]
  0x001d9800 JavaThread "DestroyJavaVM" [_thread_blocked, id=3000, stack(0x00960000,0x009b0000)]
  0x18da7000 JavaThread "Interrupter" [_thread_blocked, id=3656, stack(0x1b790000,0x1b7e0000)]
  0x18d4fc00 JavaThread "AWT-EventQueue-0" [_thread_in_native, id=416, stack(0x18ba0000,0x18bf0000)]
  0x00ebfc00 JavaThread "AWT-Windows" daemon [_thread_in_native, id=2892, stack(0x19180000,0x191d0000)]
  0x00ebe400 JavaThread "AWT-Shutdown" [_thread_blocked, id=4124, stack(0x18b50000,0x18ba0000)]
  0x00de2000 JavaThread "Java2D Disposer" daemon [_thread_blocked, id=820, stack(0x18c00000,0x18c50000)]
  0x00d28800 JavaThread "Service Thread" daemon [_thread_blocked, id=3704, stack(0x18880000,0x188d0000)]
  0x00d24000 JavaThread "C1 CompilerThread0" daemon [_thread_blocked, id=4912, stack(0x18600000,0x18650000)]
  0x00d22c00 JavaThread "Attach Listener" daemon [_thread_blocked, id=3284, stack(0x00f80000,0x00fd0000)]
  0x00d1fc00 JavaThread "Signal Dispatcher" daemon [_thread_blocked, id=3240, stack(0x01000000,0x01050000)]
  0x00cca800 JavaThread "Finalizer" daemon [_thread_blocked, id=4388, stack(0x18540000,0x18590000)]
  0x00cc5c00 JavaThread "Reference Handler" daemon [_thread_blocked, id=4312, stack(0x18590000,0x185e0000)]

Other Threads:
  0x00cc1400 VMThread [stack: 0x00f10000,0x00f60000] [id=2636]
  0x00d3e800 WatcherThread [stack: 0x18720000,0x18770000] [id=4496]

VM state:not at safepoint (normal execution)

VM Mutex/Monitor currently owned by a thread: None

Heap
 def new generation   total 78656K, used 11236K [0x04480000, 0x099d0000, 0x099d0000)
  eden space 69952K,  13% used [0x04480000, 0x04de86d8, 0x088d0000)
  from space 8704K,  18% used [0x088d0000, 0x08a609c0, 0x09150000)
  to   space 8704K,   0% used [0x09150000, 0x09150000, 0x099d0000)
 tenured generation   total 174784K, used 7467K [0x099d0000, 0x14480000, 0x14480000)
   the space 174784K,   4% used [0x099d0000, 0x0a11afa8, 0x0a11b000, 0x14480000)
 compacting perm gen  total 12288K, used 8958K [0x14480000, 0x15080000, 0x18480000)
   the space 12288K,  72% used [0x14480000, 0x14d3f998, 0x14d3fa00, 0x15080000)
No shared spaces configured.

Code Cache  [0x02480000, 0x027d0000, 0x04480000)
 total_blobs=1303 nmethods=1064 adapters=175 free_code_cache=29393Kb largest_free_block=30097984

Dynamic libraries:
0x01050000 - 0x0107f000 	C:\programmieren\JavaSDK\bin\javaw.exe
0x770a0000 - 0x77220000 	C:\Windows\SysWOW64\ntdll.dll
0x71090000 - 0x710cf000 	C:\Program Files\AVAST Software\Avast\snxhk.dll
0x769a0000 - 0x76ab0000 	C:\Windows\syswow64\KERNEL32.dll
0x76270000 - 0x762b7000 	C:\Windows\syswow64\KERNELBASE.dll
0x760e0000 - 0x76180000 	C:\Windows\syswow64\ADVAPI32.dll
0x74b50000 - 0x74bfc000 	C:\Windows\syswow64\msvcrt.dll
0x760c0000 - 0x760d9000 	C:\Windows\SysWOW64\sechost.dll
0x763e0000 - 0x764d0000 	C:\Windows\syswow64\RPCRT4.dll
0x74af0000 - 0x74b50000 	C:\Windows\syswow64\SspiCli.dll
0x74ae0000 - 0x74aec000 	C:\Windows\syswow64\CRYPTBASE.dll
0x75cf0000 - 0x75df0000 	C:\Windows\syswow64\USER32.dll
0x75ad0000 - 0x75b60000 	C:\Windows\syswow64\GDI32.dll
0x77070000 - 0x7707a000 	C:\Windows\syswow64\LPK.dll
0x761d0000 - 0x7626d000 	C:\Windows\syswow64\USP10.dll
0x71fa0000 - 0x7213e000 	C:\Windows\WinSxS\x86_microsoft.windows.common-controls_6595b64144ccf1df_6.0.7601.17514_none_41e6975e2bd6f2b2\COMCTL32.dll
0x76050000 - 0x760a7000 	C:\Windows\syswow64\SHLWAPI.dll
0x74d50000 - 0x74db0000 	C:\Windows\system32\IMM32.DLL
0x74db0000 - 0x74e7c000 	C:\Windows\syswow64\MSCTF.dll
0x70ef0000 - 0x70fae000 	C:\programmieren\JavaSDK\jre\bin\msvcr100.dll
0x70880000 - 0x70ba8000 	C:\programmieren\JavaSDK\jre\bin\client\jvm.dll
0x74390000 - 0x74397000 	C:\Windows\system32\WSOCK32.dll
0x76180000 - 0x761b5000 	C:\Windows\syswow64\WS2_32.dll
0x75ca0000 - 0x75ca6000 	C:\Windows\syswow64\NSI.dll
0x715a0000 - 0x715d2000 	C:\Windows\system32\WINMM.dll
0x76030000 - 0x76035000 	C:\Windows\syswow64\PSAPI.DLL
0x739b0000 - 0x739bc000 	C:\programmieren\JavaSDK\jre\bin\verify.dll
0x73240000 - 0x73260000 	C:\programmieren\JavaSDK\jre\bin\java.dll
0x73220000 - 0x73233000 	C:\programmieren\JavaSDK\jre\bin\zip.dll
0x6c830000 - 0x6c972000 	C:\programmieren\JavaSDK\jre\bin\awt.dll
0x766c0000 - 0x7674f000 	C:\Windows\syswow64\OLEAUT32.dll
0x76530000 - 0x7668c000 	C:\Windows\syswow64\ole32.dll
0x71ad0000 - 0x71ae3000 	C:\Windows\system32\DWMAPI.DLL
0x71b50000 - 0x71bd0000 	C:\Windows\system32\uxtheme.dll
0x74380000 - 0x74389000 	C:\Windows\system32\VERSION.dll
0x700b0000 - 0x700bb000 	C:\Windows\system32\atiu9pag.dll
0x74e80000 - 0x75aca000 	C:\Windows\syswow64\SHELL32.dll
0x70100000 - 0x7012a000 	C:\programmieren\JavaSDK\jre\bin\fontmanager.dll
0x73200000 - 0x73214000 	C:\programmieren\JavaSDK\jre\bin\net.dll
0x71c60000 - 0x71c9c000 	C:\Windows\system32\mswsock.dll
0x73d90000 - 0x73d96000 	C:\Windows\System32\wship6.dll
0x739c0000 - 0x739cf000 	C:\programmieren\JavaSDK\jre\bin\nio.dll
0x6f900000 - 0x6f931000 	C:\programmieren\JavaSDK\jre\bin\t2k.dll
0x76350000 - 0x763d3000 	C:\Windows\syswow64\CLBCatQ.DLL
0x70d60000 - 0x70e90000 	C:\Windows\system32\WindowsCodecs.dll
0x74320000 - 0x7436c000 	C:\Windows\system32\apphelp.dll
0x6f880000 - 0x6f8b1000 	C:\Windows\system32\EhStorShell.dll
0x76ab0000 - 0x76c4d000 	C:\Windows\syswow64\SETUPAPI.dll
0x76690000 - 0x766b7000 	C:\Windows\syswow64\CFGMGR32.dll
0x76980000 - 0x76992000 	C:\Windows\syswow64\DEVOBJ.dll
0x71ea0000 - 0x71f95000 	C:\Windows\system32\PROPSYS.dll
0x6ab70000 - 0x6abe0000 	C:\Windows\system32\ntshrui.dll
0x74040000 - 0x74059000 	C:\Windows\system32\srvcli.dll
0x6edc0000 - 0x6edcb000 	C:\Windows\system32\cscapi.dll
0x6ba00000 - 0x6ba0a000 	C:\Windows\system32\slc.dll
0x71c10000 - 0x71c26000 	C:\Windows\system32\CRYPTSP.dll
0x71bd0000 - 0x71c0b000 	C:\Windows\system32\rsaenh.dll
0x71c30000 - 0x71c47000 	C:\Windows\system32\USERENV.dll
0x72320000 - 0x7232b000 	C:\Windows\system32\profapi.dll
0x73aa0000 - 0x73ab0000 	C:\Windows\system32\NLAapi.dll
0x73b30000 - 0x73b40000 	C:\Windows\system32\napinsp.dll
0x73a80000 - 0x73a92000 	C:\Windows\system32\pnrpnsp.dll
0x71510000 - 0x71554000 	C:\Windows\system32\DNSAPI.dll
0x73ae0000 - 0x73ae8000 	C:\Windows\System32\winrnr.dll
0x73d60000 - 0x73d87000 	C:\Program Files (x86)\Common Files\Microsoft Shared\Windows Live\WLIDNSP.DLL
0x71c50000 - 0x71c55000 	C:\Windows\System32\wshtcpip.dll
0x729c0000 - 0x729dc000 	C:\Windows\system32\IPHLPAPI.DLL
0x72990000 - 0x72997000 	C:\Windows\system32\WINNSI.DLL
0x73d50000 - 0x73d56000 	C:\Windows\system32\rasadhlp.dll
0x73d10000 - 0x73d48000 	C:\Windows\System32\fwpuclnt.dll

VM Arguments:
jvm_args: -Dfile.encoding=Cp1252 
java_command: bots.Bot
Launcher Type: SUN_STANDARD

Environment Variables:
PATH=C:\Program Files (x86)\AMD APP\bin\x86_64;C:\Program Files (x86)\AMD APP\bin\x86;C:\Program Files\Common Files\Microsoft Shared\Windows Live;C:\Program Files (x86)\Common Files\Microsoft Shared\Windows Live;C:\Windows\system32;C:\Windows;C:\Windows\System32\Wbem;C:\Windows\System32\WindowsPowerShell\v1.0\;C:\Program Files (x86)\ATI Technologies\ATI.ACE\Core-Static;C:\Python25;C:\Program Files (x86)\Windows Live\Shared;C:\Program Files (x86)\MiKTeX 2.9\miktex\bin\;C:\Program Files (x86)\Git\cmd;C:\Program Files (x86)\Git\bin;C:\programmieren\JavaSDK\bin;C:\Apps\dekompilieren\jd-gui-0.3.5.windows(1);C:\apk-Dateien\dekompilieren\apktool
USERNAME=Joschka
OS=Windows_NT
PROCESSOR_IDENTIFIER=Intel64 Family 6 Model 42 Stepping 7, GenuineIntel



---------------  S Y S T E M  ---------------

OS: Windows 7 , 64 bit Build 7601 Service Pack 1

CPU:total 4 (4 cores per cpu, 1 threads per core) family 6 model 42 stepping 7, cmov, cx8, fxsr, mmx, sse, sse2, sse3, ssse3, sse4.1, sse4.2, popcnt

Memory: 4k page, physical 4171220k(1982208k free), swap 8340580k(5973964k free)

vm_info: Java HotSpot(TM) Client VM (22.1-b02) for windows-x86 JRE (1.7.0_03-b05), built on Feb  3 2012 20:43:37 by "java_re" with unknown MS VC++:1600

time: Mon Sep 09 23:15:56 2013
elapsed time: 413 seconds

