#
# A fatal error has been detected by the Java Runtime Environment:
#
#  EXCEPTION_ACCESS_VIOLATION (0xc0000005) at pc=0x1dd64d00, pid=8520, tid=7616
#
# JRE version: 7.0_03-b05
# Java VM: Java HotSpot(TM) Client VM (22.1-b02 mixed mode windows-x86 )
# Problematic frame:
# C  0x1dd64d00
#
# Failed to write core dump. Minidumps are not enabled by default on client versions of Windows
#
# If you would like to submit a bug report, please visit:
#   http://bugreport.sun.com/bugreport/crash.jsp
# The crash happened outside the Java Virtual Machine in native code.
# See problematic frame for where to report the bug.
#

---------------  T H R E A D  ---------------

Current thread (0x195e0400):  JavaThread "Thread-3" [_thread_in_native, id=7616, stack(0x1df00000,0x1df50000)]

siginfo: ExceptionCode=0xc0000005, ExceptionInformation=0x00000008 0x1dd64d00

Registers:
EAX=0x1df4f650, EBX=0x0425f670, ECX=0x0997a398, EDX=0x195e0528
ESP=0x1df4f61c, EBP=0x1df4f648, ESI=0x096be488, EDI=0x195e0400
EIP=0x1dd64d00, EFLAGS=0x00010246

Top of Stack: (sp=0x1df4f61c)
0x1df4f61c:   021fe6ad 195e0528 1df4f630 00000000
0x1df4f62c:   1df4f650 0997a398 195e0400 096d1500
0x1df4f63c:   1df4f62c 1df4f650 1df4fb18 1df4fa64
0x1df4f64c:   022129d4 0425f670 1df4f668 72788b60
0x1df4f65c:   195e0400 096d1500 096d1500 1df4f688
0x1df4f66c:   021f2653 096d1500 1df4f678 096d1500
0x1df4f67c:   1415e690 0997a398 0425f670 1df4fa64
0x1df4f68c:   022041fc 726f6ef4 0221cb6f 1df4f6f0 

Instructions: (pc=0x1dd64d00)
0x1dd64ce0:   
[error occurred during error reporting (printing registers, top of stack, instructions near pc), id 0xc0000005]

Register to memory mapping:

EAX=0x1df4f650 is pointing into the stack for thread: 0x195e0400
EBX=
[error occurred during error reporting (printing register info), id 0xc0000005]

Stack: [0x1df00000,0x1df50000],  sp=0x1df4f61c,  free space=317k
Native frames: (J=compiled Java code, j=interpreted, Vv=VM code, C=native code)
C  0x1dd64d00
J  com.sun.jna.Function.invoke([Ljava/lang/Object;Ljava/lang/Class;Z)Ljava/lang/Object;
V  [jvm.dll+0x123c0a]
V  [jvm.dll+0x1c9e8e]
V  [jvm.dll+0x123df3]
V  [jvm.dll+0x123e57]
V  [jvm.dll+0xcd90f]
V  [jvm.dll+0x14394f]
V  [jvm.dll+0x1720b9]
C  [msvcr100.dll+0x5c6de]  endthreadex+0x3a
C  [msvcr100.dll+0x5c788]  endthreadex+0xe4
C  [KERNEL32.dll+0x133aa]  BaseThreadInitThunk+0x12
C  [ntdll.dll+0x39ef2]  RtlInitializeExceptionChain+0x63
C  [ntdll.dll+0x39ec5]  RtlInitializeExceptionChain+0x36

Java frames: (J=compiled Java code, j=interpreted, Vv=VM code)
J  com.sun.jna.Function.invokeInt(I[Ljava/lang/Object;)I
J  com.sun.jna.Function.invoke([Ljava/lang/Object;Ljava/lang/Class;Z)Ljava/lang/Object;
J  com.sun.jna.Function.invoke(Ljava/lang/Class;[Ljava/lang/Object;Ljava/util/Map;)Ljava/lang/Object;
J  com.sun.jna.Library$Handler.invoke(Ljava/lang/Object;Ljava/lang/reflect/Method;[Ljava/lang/Object;)Ljava/lang/Object;
J  jhook.$Proxy0.GetAsyncKeyState(I)Z
J  jhook.Keyboard.run()V
v  ~StubRoutines::call_stub

---------------  P R O C E S S  ---------------

Java Threads: ( => current thread )
  0x196b2400 JavaThread "Thread-1" daemon [_thread_in_native, id=9088, stack(0x1f290000,0x1f2e0000)]
  0x195f9c00 JavaThread "TimerQueue" daemon [_thread_blocked, id=2332, stack(0x1ebf0000,0x1ec40000)]
=>0x195e0400 JavaThread "Thread-3" [_thread_in_native, id=7616, stack(0x1df00000,0x1df50000)]
  0x00469c00 JavaThread "DestroyJavaVM" [_thread_blocked, id=7120, stack(0x004f0000,0x00540000)]
  0x195d6000 JavaThread "Interrupter" [_thread_in_Java, id=9212, stack(0x1dea0000,0x1def0000)]
  0x195d5800 JavaThread "BotLeftUp-v1.2.0" [_thread_in_native, id=9208, stack(0x1d240000,0x1d290000)]
  0x195d5000 JavaThread "BotLeftDown-v1.2.0" [_thread_in_native, id=9180, stack(0x1b080000,0x1b0d0000)]
  0x195ae000 JavaThread "BotRightUp-v1.2.0" [_thread_in_native, id=8912, stack(0x1dd10000,0x1dd60000)]
  0x19596000 JavaThread "AWT-EventQueue-0" [_thread_blocked, id=8860, stack(0x1cfd0000,0x1d020000)]
  0x19479400 JavaThread "AWT-Shutdown" [_thread_blocked, id=8304, stack(0x19840000,0x19890000)]
  0x1823c800 JavaThread "Java2D Disposer" daemon [_thread_blocked, id=8796, stack(0x193c0000,0x19410000)]
  0x1817c800 JavaThread "Service Thread" daemon [_thread_blocked, id=9164, stack(0x19130000,0x19180000)]
  0x1817a400 JavaThread "C1 CompilerThread0" daemon [_thread_blocked, id=8748, stack(0x18fc0000,0x19010000)]
  0x1816c400 JavaThread "JDWP Command Reader" daemon [_thread_in_native, id=7984, stack(0x19040000,0x19090000)]
  0x1816b000 JavaThread "JDWP Event Helper Thread" daemon [_thread_blocked, id=8792, stack(0x00880000,0x008d0000)]
  0x1815b000 JavaThread "JDWP Transport Listener: dt_socket" daemon [_thread_blocked, id=8660, stack(0x18e00000,0x18e50000)]
  0x18154c00 JavaThread "Attach Listener" daemon [_thread_blocked, id=8496, stack(0x18730000,0x18780000)]
  0x18151800 JavaThread "Signal Dispatcher" daemon [_thread_blocked, id=8360, stack(0x184c0000,0x18510000)]
  0x180fcc00 JavaThread "Finalizer" daemon [_thread_blocked, id=8372, stack(0x185d0000,0x18620000)]
  0x180f6000 JavaThread "Reference Handler" daemon [_thread_blocked, id=7312, stack(0x00830000,0x00880000)]

Other Threads:
  0x180f1400 VMThread [stack: 0x18310000,0x18360000] [id=4212]
  0x1818d800 WatcherThread [stack: 0x19250000,0x192a0000] [id=1344]

VM state:not at safepoint (normal execution)

VM Mutex/Monitor currently owned by a thread: None

Heap
 def new generation   total 4928K, used 1631K [0x040f0000, 0x04640000, 0x09640000)
  eden space 4416K,  36% used [0x040f0000, 0x0427e0b8, 0x04540000)
  from space 512K,   7% used [0x045c0000, 0x045c9bd8, 0x04640000)
  to   space 512K,   0% used [0x04540000, 0x04540000, 0x045c0000)
 tenured generation   total 10944K, used 3316K [0x09640000, 0x0a0f0000, 0x140f0000)
   the space 10944K,  30% used [0x09640000, 0x0997d2a0, 0x0997d400, 0x0a0f0000)
 compacting perm gen  total 12288K, used 7876K [0x140f0000, 0x14cf0000, 0x180f0000)
   the space 12288K,  64% used [0x140f0000, 0x148a12b8, 0x148a1400, 0x14cf0000)
No shared spaces configured.

Code Cache  [0x020f0000, 0x02220000, 0x040f0000)
 total_blobs=531 nmethods=307 adapters=168 free_code_cache=31564Kb largest_free_block=32314368

Dynamic libraries:
0x00cc0000 - 0x00cef000 	C:\programmieren\JavaSDK\bin\javaw.exe
0x77b90000 - 0x77d10000 	C:\Windows\SysWOW64\ntdll.dll
0x71450000 - 0x7148f000 	C:\Program Files\AVAST Software\Avast\snxhk.dll
0x76870000 - 0x76980000 	C:\Windows\syswow64\KERNEL32.dll
0x76fb0000 - 0x76ff7000 	C:\Windows\syswow64\KERNELBASE.dll
0x77110000 - 0x771b0000 	C:\Windows\syswow64\ADVAPI32.dll
0x76a00000 - 0x76aac000 	C:\Windows\syswow64\msvcrt.dll
0x770b0000 - 0x770c9000 	C:\Windows\SysWOW64\sechost.dll
0x75640000 - 0x75730000 	C:\Windows\syswow64\RPCRT4.dll
0x755e0000 - 0x75640000 	C:\Windows\syswow64\SspiCli.dll
0x755d0000 - 0x755dc000 	C:\Windows\syswow64\CRYPTBASE.dll
0x757b0000 - 0x758b0000 	C:\Windows\syswow64\USER32.dll
0x75af0000 - 0x75b80000 	C:\Windows\syswow64\GDI32.dll
0x77340000 - 0x7734a000 	C:\Windows\syswow64\LPK.dll
0x75b80000 - 0x75c1d000 	C:\Windows\syswow64\USP10.dll
0x729f0000 - 0x72b8e000 	C:\Windows\WinSxS\x86_microsoft.windows.common-controls_6595b64144ccf1df_6.0.7601.17514_none_41e6975e2bd6f2b2\COMCTL32.dll
0x75730000 - 0x75787000 	C:\Windows\syswow64\SHLWAPI.dll
0x772e0000 - 0x77340000 	C:\Windows\system32\IMM32.DLL
0x76c10000 - 0x76cdc000 	C:\Windows\syswow64\MSCTF.dll
0x73f30000 - 0x73fee000 	C:\programmieren\JavaSDK\jre\bin\msvcr100.dll
0x726c0000 - 0x729e8000 	C:\programmieren\JavaSDK\jre\bin\client\jvm.dll
0x75480000 - 0x75487000 	C:\Windows\system32\WSOCK32.dll
0x770d0000 - 0x77105000 	C:\Windows\syswow64\WS2_32.dll
0x757a0000 - 0x757a6000 	C:\Windows\syswow64\NSI.dll
0x74160000 - 0x74192000 	C:\Windows\system32\WINMM.dll
0x77010000 - 0x77015000 	C:\Windows\syswow64\PSAPI.DLL
0x74040000 - 0x7404c000 	C:\programmieren\JavaSDK\jre\bin\verify.dll
0x74020000 - 0x74040000 	C:\programmieren\JavaSDK\jre\bin\java.dll
0x6efe0000 - 0x6f00a000 	C:\programmieren\JavaSDK\jre\bin\jdwp.dll
0x6efd0000 - 0x6efd7000 	C:\programmieren\JavaSDK\jre\bin\npt.dll
0x73f10000 - 0x73f23000 	C:\programmieren\JavaSDK\jre\bin\zip.dll
0x6efc0000 - 0x6efc8000 	C:\programmieren\JavaSDK\jre\bin\dt_socket.dll
0x74050000 - 0x74060000 	C:\Windows\system32\NLAapi.dll
0x73f00000 - 0x73f10000 	C:\Windows\system32\napinsp.dll
0x72450000 - 0x72462000 	C:\Windows\system32\pnrpnsp.dll
0x72410000 - 0x7244c000 	C:\Windows\System32\mswsock.dll
0x740b0000 - 0x740f4000 	C:\Windows\system32\DNSAPI.dll
0x72340000 - 0x72348000 	C:\Windows\System32\winrnr.dll
0x72310000 - 0x72337000 	C:\Program Files (x86)\Common Files\Microsoft Shared\Windows Live\WLIDNSP.DLL
0x73490000 - 0x734ac000 	C:\Windows\system32\IPHLPAPI.DLL
0x73480000 - 0x73487000 	C:\Windows\system32\WINNSI.DLL
0x722b0000 - 0x722e8000 	C:\Windows\System32\fwpuclnt.dll
0x72260000 - 0x72266000 	C:\Windows\system32\rasadhlp.dll
0x71f10000 - 0x71f15000 	C:\Windows\System32\wshtcpip.dll
0x6ac90000 - 0x6add2000 	C:\programmieren\JavaSDK\jre\bin\awt.dll
0x77020000 - 0x770af000 	C:\Windows\syswow64\OLEAUT32.dll
0x76ab0000 - 0x76c0c000 	C:\Windows\syswow64\ole32.dll
0x74b00000 - 0x74b13000 	C:\Windows\system32\DWMAPI.DLL
0x74c60000 - 0x74ce0000 	C:\Windows\system32\uxtheme.dll
0x74e70000 - 0x74e79000 	C:\Windows\system32\VERSION.dll
0x6efa0000 - 0x6efab000 	C:\Windows\system32\atiu9pag.dll
0x75c20000 - 0x7686a000 	C:\Windows\syswow64\SHELL32.dll
0x6e7d0000 - 0x6e7fa000 	C:\programmieren\JavaSDK\jre\bin\fontmanager.dll
0x71f30000 - 0x71f44000 	C:\programmieren\JavaSDK\jre\bin\net.dll
0x71f20000 - 0x71f26000 	C:\Windows\System32\wship6.dll
0x71f00000 - 0x71f0f000 	C:\programmieren\JavaSDK\jre\bin\nio.dll
0x6a5e0000 - 0x6a611000 	C:\programmieren\JavaSDK\jre\bin\t2k.dll
0x77700000 - 0x77783000 	C:\Windows\syswow64\CLBCatQ.DLL
0x71dd0000 - 0x71f00000 	C:\Windows\system32\WindowsCodecs.dll
0x74e10000 - 0x74e5c000 	C:\Windows\system32\apphelp.dll
0x6ebf0000 - 0x6ec21000 	C:\Windows\system32\EhStorShell.dll
0x76e10000 - 0x76fad000 	C:\Windows\syswow64\SETUPAPI.dll
0x758c0000 - 0x758e7000 	C:\Windows\syswow64\CFGMGR32.dll
0x77350000 - 0x77362000 	C:\Windows\syswow64\DEVOBJ.dll
0x74b60000 - 0x74c55000 	C:\Windows\system32\PROPSYS.dll
0x713d0000 - 0x71440000 	C:\Windows\system32\ntshrui.dll
0x74090000 - 0x740a9000 	C:\Windows\system32\srvcli.dll
0x71c80000 - 0x71c8b000 	C:\Windows\system32\cscapi.dll
0x71bf0000 - 0x71bfa000 	C:\Windows\system32\slc.dll
0x74060000 - 0x74076000 	C:\Windows\system32\CRYPTSP.dll
0x71f50000 - 0x71f8b000 	C:\Windows\system32\rsaenh.dll
0x74100000 - 0x74117000 	C:\Windows\system32\USERENV.dll
0x72b90000 - 0x72b9b000 	C:\Windows\system32\profapi.dll

VM Arguments:
jvm_args: -agentlib:jdwp=transport=dt_socket,suspend=y,address=localhost:49237 -Dfile.encoding=Cp1252 
java_command: bots.Bot
Launcher Type: SUN_STANDARD

Environment Variables:
PATH=C:\programmieren\JavaSDK\jre\bin;C:\Program Files (x86)\AMD APP\bin\x86_64;C:\Program Files (x86)\AMD APP\bin\x86;C:\Program Files\Common Files\Microsoft Shared\Windows Live;C:\Program Files (x86)\Common Files\Microsoft Shared\Windows Live;C:\Windows\system32;C:\Windows;C:\Windows\System32\Wbem;C:\Windows\System32\WindowsPowerShell\v1.0\;C:\Program Files (x86)\ATI Technologies\ATI.ACE\Core-Static;C:\Python25;C:\Program Files (x86)\Windows Live\Shared;C:\Program Files (x86)\MiKTeX 2.9\miktex\bin\;C:\Program Files (x86)\Git\cmd;C:\Program Files (x86)\Git\bin
USERNAME=Joschka
OS=Windows_NT
PROCESSOR_IDENTIFIER=Intel64 Family 6 Model 42 Stepping 7, GenuineIntel



---------------  S Y S T E M  ---------------

OS: Windows 7 , 64 bit Build 7601 Service Pack 1

CPU:total 4 (4 cores per cpu, 1 threads per core) family 6 model 42 stepping 7, cmov, cx8, fxsr, mmx, sse, sse2, sse3, ssse3, sse4.1, sse4.2, popcnt

Memory: 4k page, physical 4171220k(2357496k free), swap 8340580k(6312576k free)

vm_info: Java HotSpot(TM) Client VM (22.1-b02) for windows-x86 JRE (1.7.0_03-b05), built on Feb  3 2012 20:43:37 by "java_re" with unknown MS VC++:1600

time: Wed Jul 17 21:34:24 2013
elapsed time: 3 seconds

