#
# A fatal error has been detected by the Java Runtime Environment:
#
#  EXCEPTION_ACCESS_VIOLATION (0xc0000005) at pc=0x6eac3ae9, pid=2336, tid=2200
#
# JRE version: 7.0_03-b05
# Java VM: Java HotSpot(TM) Client VM (22.1-b02 mixed mode windows-x86 )
# Problematic frame:
# V  [jvm.dll+0xa3ae9]
#
# Failed to write core dump. Minidumps are not enabled by default on client versions of Windows
#
# If you would like to submit a bug report, please visit:
#   http://bugreport.sun.com/bugreport/crash.jsp
#

---------------  T H R E A D  ---------------

Current thread (0x199bbc00):  JavaThread "Thread-3" [_thread_in_vm, id=2200, stack(0x1d9c0000,0x1da10000)]

siginfo: ExceptionCode=0xc0000005, reading address 0x00000000

Registers:
EAX=0x00000000, EBX=0x1995a601, ECX=0x00000000, EDX=0x00000000
ESP=0x1da0f24c, EBP=0x1da0f258, ESI=0x199bbc00, EDI=0x1995a620
EIP=0x6eac3ae9, EFLAGS=0x00010202

Top of Stack: (sp=0x1da0f24c)
0x1da0f24c:   1da0f2e0 00000000 1995a620 1da0f4c8
0x1da0f25c:   1d8642a8 199bbd28 1995a620 00000000
0x1da0f26c:   1da0f280 1da0f2a0 00000231 00000020
0x1da0f27c:   1d864220 6ea23393 199bbc00 97372601
0x1da0f28c:   00000000 1da0f2c4 6ea23393 00000020
0x1da0f29c:   1d86420c 00000001 199bbc00 1da0f500
0x1da0f2ac:   1da0f29c 1da0f2c0 1da0f938 97372675
0x1da0f2bc:   1d8641ee fffffffe 1da0f2d8 6eac3d0d 

Instructions: (pc=0x6eac3ae9)
0x6eac3ac9:   a0 09 00 33 f6 eb 02 8b f1 6a 06 56 e8 46 f9 f5
0x6eac3ad9:   ff 8b 7d 0c 83 c4 08 b3 01 85 ff 74 3d 8b 45 10
0x6eac3ae9:   8b 00 50 32 db e8 8d ad f7 ff 83 c4 04 85 c0 74
0x6eac3af9:   29 8b 0f 8b 49 04 8b 50 10 83 c1 08 39 44 0a f8 


Register to memory mapping:

EAX=0x00000000 is an unknown value
EBX=0x1995a601 is an unknown value
ECX=0x00000000 is an unknown value
EDX=0x00000000 is an unknown value
ESP=0x1da0f24c is pointing into the stack for thread: 0x199bbc00
EBP=0x1da0f258 is pointing into the stack for thread: 0x199bbc00
ESI=0x199bbc00 is a thread
EDI=0x1995a620 is an unknown value


Stack: [0x1d9c0000,0x1da10000],  sp=0x1da0f24c,  free space=316k
Native frames: (J=compiled Java code, j=interpreted, Vv=VM code, C=native code)
V  [jvm.dll+0xa3ae9]
C  0x1d8642a8
C  0x1d864d2e
J  com.sun.jna.Function.invokeInt(I[Ljava/lang/Object;)I
J  com.sun.jna.Function.invoke([Ljava/lang/Object;Ljava/lang/Class;Z)Ljava/lang/Object;
V  [jvm.dll+0x123c0a]
V  [jvm.dll+0x1c9e8e]
V  [jvm.dll+0x123df3]
V  [jvm.dll+0x123e57]
V  [jvm.dll+0xcd90f]
V  [jvm.dll+0x14394f]
V  [jvm.dll+0x1720b9]
C  [msvcr100.dll+0x5c6de]  endthreadex+0x3a
C  [msvcr100.dll+0x5c788]  endthreadex+0xe4
C  [KERNEL32.dll+0x133aa]  BaseThreadInitThunk+0x12
C  [ntdll.dll+0x39f72]  RtlInitializeExceptionChain+0x63
C  [ntdll.dll+0x39f45]  RtlInitializeExceptionChain+0x36

Java frames: (J=compiled Java code, j=interpreted, Vv=VM code)
J  com.sun.jna.Function.invokeInt(I[Ljava/lang/Object;)I
J  com.sun.jna.Function.invoke([Ljava/lang/Object;Ljava/lang/Class;Z)Ljava/lang/Object;
J  com.sun.jna.Function.invoke(Ljava/lang/Class;[Ljava/lang/Object;Ljava/util/Map;)Ljava/lang/Object;
J  com.sun.jna.Library$Handler.invoke(Ljava/lang/Object;Ljava/lang/reflect/Method;[Ljava/lang/Object;)Ljava/lang/Object;
J  jhook.$Proxy0.GetAsyncKeyState(I)Z
J  jhook.Keyboard.run()V
v  ~StubRoutines::call_stub

---------------  P R O C E S S  ---------------

Java Threads: ( => current thread )
  0x181da400 JavaThread "Thread-1" daemon [_thread_in_native, id=4896, stack(0x1e7e0000,0x1e830000)]
  0x199bf400 JavaThread "TimerQueue" daemon [_thread_blocked, id=4528, stack(0x1e550000,0x1e5a0000)]
=>0x199bbc00 JavaThread "Thread-3" [_thread_in_vm, id=2200, stack(0x1d9c0000,0x1da10000)]
  0x00509800 JavaThread "DestroyJavaVM" [_thread_blocked, id=4732, stack(0x00420000,0x00470000)]
  0x199b3800 JavaThread "Interrupter" [_thread_blocked, id=4880, stack(0x1d8d0000,0x1d920000)]
  0x1997a400 JavaThread "BotLeftUp-v1.2.0" [_thread_in_native, id=5024, stack(0x1d770000,0x1d7c0000)]
  0x19958400 JavaThread "AWT-EventQueue-0" [_thread_blocked, id=968, stack(0x1cae0000,0x1cb30000)]
  0x182e6c00 JavaThread "AWT-Shutdown" [_thread_blocked, id=3864, stack(0x18cb0000,0x18d00000)]
  0x18219c00 JavaThread "Java2D Disposer" daemon [_thread_blocked, id=4232, stack(0x18940000,0x18990000)]
  0x1815ac00 JavaThread "Service Thread" daemon [_thread_blocked, id=4604, stack(0x189f0000,0x18a40000)]
  0x18156000 JavaThread "C1 CompilerThread0" daemon [_thread_blocked, id=3244, stack(0x188f0000,0x18940000)]
  0x18154c00 JavaThread "Attach Listener" daemon [_thread_blocked, id=4708, stack(0x18500000,0x18550000)]
  0x18151800 JavaThread "Signal Dispatcher" daemon [_thread_blocked, id=1380, stack(0x186a0000,0x186f0000)]
  0x180f9400 JavaThread "Finalizer" daemon [_thread_blocked, id=4508, stack(0x185a0000,0x185f0000)]
  0x180f5c00 JavaThread "Reference Handler" daemon [_thread_blocked, id=4856, stack(0x18390000,0x183e0000)]

Other Threads:
  0x180f1400 VMThread [stack: 0x18430000,0x18480000] [id=3860]
  0x18177400 WatcherThread [stack: 0x18990000,0x189e0000] [id=828]

VM state:not at safepoint (normal execution)

VM Mutex/Monitor currently owned by a thread: None

Heap
 def new generation   total 12736K, used 1267K [0x04040000, 0x04e10000, 0x09590000)
  eden space 11328K,   9% used [0x04040000, 0x04155100, 0x04b50000)
  from space 1408K,  11% used [0x04b50000, 0x04b77e80, 0x04cb0000)
  to   space 1408K,   0% used [0x04cb0000, 0x04cb0000, 0x04e10000)
 tenured generation   total 28200K, used 24435K [0x09590000, 0x0b11a000, 0x14040000)
   the space 28200K,  86% used [0x09590000, 0x0ad6cc28, 0x0ad6ce00, 0x0b11a000)
 compacting perm gen  total 12288K, used 8922K [0x14040000, 0x14c40000, 0x18040000)
   the space 12288K,  72% used [0x14040000, 0x148f6950, 0x148f6a00, 0x14c40000)
No shared spaces configured.

Code Cache  [0x02040000, 0x02300000, 0x04040000)
 total_blobs=1097 nmethods=859 adapters=174 free_code_cache=29974Kb largest_free_block=30692864

Dynamic libraries:
0x00010000 - 0x0003f000 	C:\programmieren\JavaSDK\bin\javaw.exe
0x77110000 - 0x77290000 	C:\Windows\SysWOW64\ntdll.dll
0x70e20000 - 0x70e5f000 	C:\Program Files\AVAST Software\Avast\snxhk.dll
0x755f0000 - 0x75700000 	C:\Windows\syswow64\KERNEL32.dll
0x75060000 - 0x750a7000 	C:\Windows\syswow64\KERNELBASE.dll
0x74fc0000 - 0x75060000 	C:\Windows\syswow64\ADVAPI32.dll
0x75c70000 - 0x75d1c000 	C:\Windows\syswow64\msvcrt.dll
0x758a0000 - 0x758b9000 	C:\Windows\SysWOW64\sechost.dll
0x75ae0000 - 0x75bd0000 	C:\Windows\syswow64\RPCRT4.dll
0x74b60000 - 0x74bc0000 	C:\Windows\syswow64\SspiCli.dll
0x74b50000 - 0x74b5c000 	C:\Windows\syswow64\CRYPTBASE.dll
0x75980000 - 0x75a80000 	C:\Windows\syswow64\USER32.dll
0x75400000 - 0x75490000 	C:\Windows\syswow64\GDI32.dll
0x76aa0000 - 0x76aaa000 	C:\Windows\syswow64\LPK.dll
0x758c0000 - 0x7595d000 	C:\Windows\syswow64\USP10.dll
0x71900000 - 0x71a9e000 	C:\Windows\WinSxS\x86_microsoft.windows.common-controls_6595b64144ccf1df_6.0.7601.17514_none_41e6975e2bd6f2b2\COMCTL32.dll
0x76ab0000 - 0x76b07000 	C:\Windows\syswow64\SHLWAPI.dll
0x75a80000 - 0x75ae0000 	C:\Windows\system32\IMM32.DLL
0x752e0000 - 0x753ac000 	C:\Windows\syswow64\MSCTF.dll
0x6ed50000 - 0x6ee0e000 	C:\programmieren\JavaSDK\jre\bin\msvcr100.dll
0x6ea20000 - 0x6ed48000 	C:\programmieren\JavaSDK\jre\bin\client\jvm.dll
0x74400000 - 0x74407000 	C:\Windows\system32\WSOCK32.dll
0x753c0000 - 0x753f5000 	C:\Windows\syswow64\WS2_32.dll
0x75c10000 - 0x75c16000 	C:\Windows\syswow64\NSI.dll
0x73f40000 - 0x73f72000 	C:\Windows\system32\WINMM.dll
0x752d0000 - 0x752d5000 	C:\Windows\syswow64\PSAPI.DLL
0x73bb0000 - 0x73bbc000 	C:\programmieren\JavaSDK\jre\bin\verify.dll
0x712d0000 - 0x712f0000 	C:\programmieren\JavaSDK\jre\bin\java.dll
0x712b0000 - 0x712c3000 	C:\programmieren\JavaSDK\jre\bin\zip.dll
0x6e8d0000 - 0x6ea12000 	C:\programmieren\JavaSDK\jre\bin\awt.dll
0x74f20000 - 0x74faf000 	C:\Windows\syswow64\OLEAUT32.dll
0x74dc0000 - 0x74f1c000 	C:\Windows\syswow64\ole32.dll
0x73c40000 - 0x73c53000 	C:\Windows\system32\DWMAPI.DLL
0x73ca0000 - 0x73d20000 	C:\Windows\system32\uxtheme.dll
0x743f0000 - 0x743f9000 	C:\Windows\system32\VERSION.dll
0x73e20000 - 0x73e2b000 	C:\Windows\system32\atiu9pag.dll
0x75dd0000 - 0x76a1a000 	C:\Windows\syswow64\SHELL32.dll
0x70e90000 - 0x70eba000 	C:\programmieren\JavaSDK\jre\bin\fontmanager.dll
0x73b80000 - 0x73b94000 	C:\programmieren\JavaSDK\jre\bin\net.dll
0x717c0000 - 0x717fc000 	C:\Windows\system32\mswsock.dll
0x717a0000 - 0x717a6000 	C:\Windows\System32\wship6.dll
0x72d60000 - 0x72d6f000 	C:\programmieren\JavaSDK\jre\bin\nio.dll
0x6ee50000 - 0x6ee81000 	C:\programmieren\JavaSDK\jre\bin\t2k.dll
0x74d30000 - 0x74db3000 	C:\Windows\syswow64\CLBCatQ.DLL
0x72850000 - 0x72980000 	C:\Windows\system32\WindowsCodecs.dll
0x74390000 - 0x743dc000 	C:\Windows\system32\apphelp.dll
0x6e760000 - 0x6e791000 	C:\Windows\system32\EhStorShell.dll
0x75700000 - 0x7589d000 	C:\Windows\syswow64\SETUPAPI.dll
0x755c0000 - 0x755e7000 	C:\Windows\syswow64\CFGMGR32.dll
0x75c20000 - 0x75c32000 	C:\Windows\syswow64\DEVOBJ.dll
0x71800000 - 0x718f5000 	C:\Windows\system32\PROPSYS.dll
0x6b260000 - 0x6b2d0000 	C:\Windows\system32\ntshrui.dll
0x72250000 - 0x72269000 	C:\Windows\system32\srvcli.dll
0x6ee10000 - 0x6ee1b000 	C:\Windows\system32\cscapi.dll
0x6e360000 - 0x6e36a000 	C:\Windows\system32\slc.dll
0x71d00000 - 0x71d16000 	C:\Windows\system32\CRYPTSP.dll
0x71cc0000 - 0x71cfb000 	C:\Windows\system32\rsaenh.dll
0x71ab0000 - 0x71ac7000 	C:\Windows\system32\USERENV.dll
0x71aa0000 - 0x71aab000 	C:\Windows\system32\profapi.dll
0x71d20000 - 0x71d30000 	C:\Windows\system32\NLAapi.dll
0x71790000 - 0x717a0000 	C:\Windows\system32\napinsp.dll
0x71770000 - 0x71782000 	C:\Windows\system32\pnrpnsp.dll
0x71720000 - 0x71764000 	C:\Windows\system32\DNSAPI.dll
0x71710000 - 0x71718000 	C:\Windows\System32\winrnr.dll
0x716e0000 - 0x71707000 	C:\Program Files (x86)\Common Files\Microsoft Shared\Windows Live\WLIDNSP.DLL
0x717b0000 - 0x717b5000 	C:\Windows\System32\wshtcpip.dll
0x72a30000 - 0x72a4c000 	C:\Windows\system32\IPHLPAPI.DLL
0x72a00000 - 0x72a07000 	C:\Windows\system32\WINNSI.DLL
0x71510000 - 0x71516000 	C:\Windows\system32\rasadhlp.dll
0x71520000 - 0x71558000 	C:\Windows\System32\fwpuclnt.dll

VM Arguments:
jvm_args: -Dfile.encoding=Cp1252 
java_command: bots.Bot
Launcher Type: SUN_STANDARD

Environment Variables:
PATH=C:\Program Files (x86)\AMD APP\bin\x86_64;C:\Program Files (x86)\AMD APP\bin\x86;C:\Program Files\Common Files\Microsoft Shared\Windows Live;C:\Program Files (x86)\Common Files\Microsoft Shared\Windows Live;C:\Windows\system32;C:\Windows;C:\Windows\System32\Wbem;C:\Windows\System32\WindowsPowerShell\v1.0\;C:\Program Files (x86)\ATI Technologies\ATI.ACE\Core-Static;C:\Python25;C:\Program Files (x86)\Windows Live\Shared;C:\Program Files (x86)\MiKTeX 2.9\miktex\bin\;C:\Program Files (x86)\Git\cmd;C:\Program Files (x86)\Git\bin;C:\programmieren\JavaSDK\bin;C:\Apps\dekompilieren\jd-gui-0.3.5.windows(1);C:\apk-Dateien\dekompilieren\apktool
USERNAME=Joschka
OS=Windows_NT
PROCESSOR_IDENTIFIER=Intel64 Family 6 Model 42 Stepping 7, GenuineIntel



---------------  S Y S T E M  ---------------

OS: Windows 7 , 64 bit Build 7601 Service Pack 1

CPU:total 4 (4 cores per cpu, 1 threads per core) family 6 model 42 stepping 7, cmov, cx8, fxsr, mmx, sse, sse2, sse3, ssse3, sse4.1, sse4.2, popcnt

Memory: 4k page, physical 4171220k(2289784k free), swap 8340580k(6234644k free)

vm_info: Java HotSpot(TM) Client VM (22.1-b02) for windows-x86 JRE (1.7.0_03-b05), built on Feb  3 2012 20:43:37 by "java_re" with unknown MS VC++:1600

time: Sun Sep 01 00:35:09 2013
elapsed time: 225 seconds

