#
# A fatal error has been detected by the Java Runtime Environment:
#
#  EXCEPTION_ACCESS_VIOLATION (0xc0000005) at pc=0x6b9c3ae9, pid=1144, tid=5500
#
# JRE version: 7.0_03-b05
# Java VM: Java HotSpot(TM) Client VM (22.1-b02 mixed mode windows-x86 )
# Problematic frame:
# V  [jvm.dll+0xa3ae9]
#
# Failed to write core dump. Minidumps are not enabled by default on client versions of Windows
#
# If you would like to submit a bug report, please visit:
#   http://bugreport.sun.com/bugreport/crash.jsp
#

---------------  T H R E A D  ---------------

Current thread (0x19942c00):  JavaThread "Thread-3" [_thread_in_vm, id=5500, stack(0x1d900000,0x1d950000)]

siginfo: ExceptionCode=0xc0000005, reading address 0x00000000

Registers:
EAX=0x00000000, EBX=0x198dfc01, ECX=0x00000000, EDX=0x00000000
ESP=0x1d94ef3c, EBP=0x1d94ef48, ESI=0x19942c00, EDI=0x198dfc48
EIP=0x6b9c3ae9, EFLAGS=0x00010206

Top of Stack: (sp=0x1d94ef3c)
0x1d94ef3c:   1d94efd0 00000000 198dfc48 1d94f1b8
0x1d94ef4c:   1d9542a8 19942d28 198dfc48 00000000
0x1d94ef5c:   1d94ef70 1d94ef90 1d94ef84 00000020
0x1d94ef6c:   1d954220 6b923393 19942c00 a9e853cb
0x1d94ef7c:   00000000 1d94efb4 6b923393 00000020
0x1d94ef8c:   1d95420c 00000001 19942c00 1d94f1f0
0x1d94ef9c:   1d94ef8c 1d94efb0 1d94f628 a9e853df
0x1d94efac:   1d9541ee fffffffe 1d94efc8 6b9c3d0d 

Instructions: (pc=0x6b9c3ae9)
0x6b9c3ac9:   a0 09 00 33 f6 eb 02 8b f1 6a 06 56 e8 46 f9 f5
0x6b9c3ad9:   ff 8b 7d 0c 83 c4 08 b3 01 85 ff 74 3d 8b 45 10
0x6b9c3ae9:   8b 00 50 32 db e8 8d ad f7 ff 83 c4 04 85 c0 74
0x6b9c3af9:   29 8b 0f 8b 49 04 8b 50 10 83 c1 08 39 44 0a f8 


Register to memory mapping:

EAX=0x00000000 is an unknown value
EBX=0x198dfc01 is an unknown value
ECX=0x00000000 is an unknown value
EDX=0x00000000 is an unknown value
ESP=0x1d94ef3c is pointing into the stack for thread: 0x19942c00
EBP=0x1d94ef48 is pointing into the stack for thread: 0x19942c00
ESI=0x19942c00 is a thread
EDI=0x198dfc48 is an unknown value


Stack: [0x1d900000,0x1d950000],  sp=0x1d94ef3c,  free space=315k
Native frames: (J=compiled Java code, j=interpreted, Vv=VM code, C=native code)
V  [jvm.dll+0xa3ae9]
C  0x1d9542a8
C  0x1d954d2e
J  com.sun.jna.Function.invokeInt(I[Ljava/lang/Object;)I
J  com.sun.jna.Function.invoke([Ljava/lang/Object;Ljava/lang/Class;Z)Ljava/lang/Object;
V  [jvm.dll+0x123c0a]
V  [jvm.dll+0x1c9e8e]
V  [jvm.dll+0x123df3]
V  [jvm.dll+0x123e57]
V  [jvm.dll+0xcd90f]
V  [jvm.dll+0x14394f]
V  [jvm.dll+0x1720b9]
C  [msvcr100.dll+0x5c6de]  endthreadex+0x3a
C  [msvcr100.dll+0x5c788]  endthreadex+0xe4
C  [KERNEL32.dll+0x133aa]  BaseThreadInitThunk+0x12
C  [ntdll.dll+0x39f72]  RtlInitializeExceptionChain+0x63
C  [ntdll.dll+0x39f45]  RtlInitializeExceptionChain+0x36

Java frames: (J=compiled Java code, j=interpreted, Vv=VM code)
J  com.sun.jna.Function.invokeInt(I[Ljava/lang/Object;)I
J  com.sun.jna.Function.invoke([Ljava/lang/Object;Ljava/lang/Class;Z)Ljava/lang/Object;
J  com.sun.jna.Function.invoke(Ljava/lang/Class;[Ljava/lang/Object;Ljava/util/Map;)Ljava/lang/Object;
J  com.sun.jna.Library$Handler.invoke(Ljava/lang/Object;Ljava/lang/reflect/Method;[Ljava/lang/Object;)Ljava/lang/Object;
J  jhook.$Proxy0.GetAsyncKeyState(I)Z
J  jhook.Keyboard.run()V
v  ~StubRoutines::call_stub

---------------  P R O C E S S  ---------------

Java Threads: ( => current thread )
  0x00f5b400 JavaThread "Thread-0" [_thread_blocked, id=5296, stack(0x1d820000,0x1d870000)]
  0x00f5b000 JavaThread "Thread-1" daemon [_thread_in_native, id=5468, stack(0x1e700000,0x1e750000)]
  0x1995fc00 JavaThread "TimerQueue" daemon [_thread_blocked, id=6076, stack(0x1e3a0000,0x1e3f0000)]
=>0x19942c00 JavaThread "Thread-3" [_thread_in_vm, id=5500, stack(0x1d900000,0x1d950000)]
  0x1994e800 JavaThread "D3D Screen Updater" daemon [_thread_in_native, id=5868, stack(0x1d880000,0x1d8d0000)]
  0x00979800 JavaThread "DestroyJavaVM" [_thread_blocked, id=5436, stack(0x00af0000,0x00b40000)]
  0x19938800 JavaThread "Interrupter" [_thread_blocked, id=2440, stack(0x1b8c0000,0x1b910000)]
  0x198df000 JavaThread "AWT-EventQueue-0" [_thread_blocked, id=5564, stack(0x1b920000,0x1b970000)]
  0x00fbc000 JavaThread "AWT-Windows" daemon [_thread_blocked, id=5948, stack(0x189f0000,0x18a40000)]
  0x00f99800 JavaThread "AWT-Shutdown" [_thread_blocked, id=4040, stack(0x00b80000,0x00bd0000)]
  0x00ee5000 JavaThread "Java2D Disposer" daemon [_thread_blocked, id=5864, stack(0x18b20000,0x18b70000)]
  0x00e2a400 JavaThread "Service Thread" daemon [_thread_blocked, id=5104, stack(0x00920000,0x00970000)]
  0x00e25c00 JavaThread "C1 CompilerThread0" daemon [_thread_blocked, id=4480, stack(0x012c0000,0x01310000)]
  0x00e24800 JavaThread "Attach Listener" daemon [_thread_blocked, id=5108, stack(0x010a0000,0x010f0000)]
  0x00e23400 JavaThread "Signal Dispatcher" daemon [_thread_blocked, id=5600, stack(0x187d0000,0x18820000)]
  0x00dc7400 JavaThread "Finalizer" daemon [_thread_blocked, id=4100, stack(0x01260000,0x012b0000)]
  0x00dc5c00 JavaThread "Reference Handler" daemon [_thread_blocked, id=5904, stack(0x00fd0000,0x01020000)]

Other Threads:
  0x00dc1400 VMThread [stack: 0x01110000,0x01160000] [id=5052]
  0x00e36000 WatcherThread [stack: 0x002f0000,0x00340000] [id=5476]

VM state:synchronizing (normal execution)

VM Mutex/Monitor currently owned by a thread:  ([mutex/lock_event])
[0x00977958] Threads_lock - owner thread: 0x00dc1400

Heap
 def new generation   total 4928K, used 1113K [0x047d0000, 0x04d20000, 0x09d20000)
  eden space 4416K,  25% used [0x047d0000, 0x048e6508, 0x04c20000)
  from space 512K,   0% used [0x04c20000, 0x04c20090, 0x04ca0000)
  to   space 512K,   0% used [0x04ca0000, 0x04ca0000, 0x04d20000)
 tenured generation   total 10944K, used 7204K [0x09d20000, 0x0a7d0000, 0x147d0000)
   the space 10944K,  65% used [0x09d20000, 0x0a429050, 0x0a429200, 0x0a7d0000)
 compacting perm gen  total 12288K, used 8901K [0x147d0000, 0x153d0000, 0x187d0000)
   the space 12288K,  72% used [0x147d0000, 0x15081438, 0x15081600, 0x153d0000)
No shared spaces configured.

Code Cache  [0x027d0000, 0x02a60000, 0x047d0000)
 total_blobs=1041 nmethods=803 adapters=174 free_code_cache=30171Kb largest_free_block=30894976

Dynamic libraries:
0x013a0000 - 0x013cf000 	C:\programmieren\JavaSDK\bin\javaw.exe
0x77910000 - 0x77a90000 	C:\Windows\SysWOW64\ntdll.dll
0x725b0000 - 0x725ef000 	C:\Program Files\AVAST Software\Avast\snxhk.dll
0x75930000 - 0x75a40000 	C:\Windows\syswow64\KERNEL32.dll
0x75fa0000 - 0x75fe7000 	C:\Windows\syswow64\KERNELBASE.dll
0x762d0000 - 0x76370000 	C:\Windows\syswow64\ADVAPI32.dll
0x75e50000 - 0x75efc000 	C:\Windows\syswow64\msvcrt.dll
0x75680000 - 0x75699000 	C:\Windows\SysWOW64\sechost.dll
0x75570000 - 0x75660000 	C:\Windows\syswow64\RPCRT4.dll
0x75360000 - 0x753c0000 	C:\Windows\syswow64\SspiCli.dll
0x75350000 - 0x7535c000 	C:\Windows\syswow64\CRYPTBASE.dll
0x75b60000 - 0x75c60000 	C:\Windows\syswow64\USER32.dll
0x75c60000 - 0x75cf0000 	C:\Windows\syswow64\GDI32.dll
0x760b0000 - 0x760ba000 	C:\Windows\syswow64\LPK.dll
0x75f00000 - 0x75f9d000 	C:\Windows\syswow64\USP10.dll
0x71b60000 - 0x71cfe000 	C:\Windows\WinSxS\x86_microsoft.windows.common-controls_6595b64144ccf1df_6.0.7601.17514_none_41e6975e2bd6f2b2\COMCTL32.dll
0x77310000 - 0x77367000 	C:\Windows\syswow64\SHLWAPI.dll
0x76fc0000 - 0x77020000 	C:\Windows\system32\IMM32.DLL
0x756a0000 - 0x7576c000 	C:\Windows\syswow64\MSCTF.dll
0x73060000 - 0x7311e000 	C:\programmieren\JavaSDK\jre\bin\msvcr100.dll
0x6b920000 - 0x6bc48000 	C:\programmieren\JavaSDK\jre\bin\client\jvm.dll
0x74c00000 - 0x74c07000 	C:\Windows\system32\WSOCK32.dll
0x75a40000 - 0x75a75000 	C:\Windows\syswow64\WS2_32.dll
0x778e0000 - 0x778e6000 	C:\Windows\syswow64\NSI.dll
0x74430000 - 0x74462000 	C:\Windows\system32\WINMM.dll
0x75a80000 - 0x75a85000 	C:\Windows\syswow64\PSAPI.DLL
0x73260000 - 0x7326c000 	C:\programmieren\JavaSDK\jre\bin\verify.dll
0x73040000 - 0x73060000 	C:\programmieren\JavaSDK\jre\bin\java.dll
0x73020000 - 0x73033000 	C:\programmieren\JavaSDK\jre\bin\zip.dll
0x65de0000 - 0x65f22000 	C:\programmieren\JavaSDK\jre\bin\awt.dll
0x77080000 - 0x7710f000 	C:\Windows\syswow64\OLEAUT32.dll
0x75cf0000 - 0x75e4c000 	C:\Windows\syswow64\ole32.dll
0x743d0000 - 0x743e3000 	C:\Windows\system32\DWMAPI.DLL
0x71490000 - 0x71510000 	C:\Windows\system32\uxtheme.dll
0x74bf0000 - 0x74bf9000 	C:\Windows\system32\VERSION.dll
0x73600000 - 0x7360b000 	C:\Windows\system32\atiu9pag.dll
0x76370000 - 0x76fba000 	C:\Windows\syswow64\SHELL32.dll
0x70190000 - 0x701ba000 	C:\programmieren\JavaSDK\jre\bin\fontmanager.dll
0x72fb0000 - 0x72fc4000 	C:\programmieren\JavaSDK\jre\bin\net.dll
0x72240000 - 0x7227c000 	C:\Windows\system32\mswsock.dll
0x72220000 - 0x72226000 	C:\Windows\System32\wship6.dll
0x72f70000 - 0x72f7f000 	C:\programmieren\JavaSDK\jre\bin\nio.dll
0x702c0000 - 0x702f1000 	C:\programmieren\JavaSDK\jre\bin\t2k.dll
0x758a0000 - 0x75923000 	C:\Windows\syswow64\CLBCatQ.DLL
0x70da0000 - 0x70ed0000 	C:\Windows\system32\WindowsCodecs.dll
0x74b90000 - 0x74bdc000 	C:\Windows\system32\apphelp.dll
0x70d60000 - 0x70d91000 	C:\Windows\system32\EhStorShell.dll
0x77370000 - 0x7750d000 	C:\Windows\syswow64\SETUPAPI.dll
0x762a0000 - 0x762c7000 	C:\Windows\syswow64\CFGMGR32.dll
0x76090000 - 0x760a2000 	C:\Windows\syswow64\DEVOBJ.dll
0x71a60000 - 0x71b55000 	C:\Windows\system32\PROPSYS.dll
0x712a0000 - 0x71310000 	C:\Windows\system32\ntshrui.dll
0x72bd0000 - 0x72be9000 	C:\Windows\system32\srvcli.dll
0x71290000 - 0x7129b000 	C:\Windows\system32\cscapi.dll
0x71250000 - 0x7125a000 	C:\Windows\system32\slc.dll
0x72630000 - 0x72646000 	C:\Windows\system32\CRYPTSP.dll
0x725f0000 - 0x7262b000 	C:\Windows\system32\rsaenh.dll
0x72290000 - 0x722a7000 	C:\Windows\system32\USERENV.dll
0x72280000 - 0x7228b000 	C:\Windows\system32\profapi.dll
0x72650000 - 0x72660000 	C:\Windows\system32\NLAapi.dll
0x72190000 - 0x721a0000 	C:\Windows\system32\napinsp.dll
0x72170000 - 0x72182000 	C:\Windows\system32\pnrpnsp.dll
0x72120000 - 0x72164000 	C:\Windows\system32\DNSAPI.dll
0x72110000 - 0x72118000 	C:\Windows\System32\winrnr.dll
0x720e0000 - 0x72107000 	C:\Program Files (x86)\Common Files\Microsoft Shared\Windows Live\WLIDNSP.DLL
0x72230000 - 0x72235000 	C:\Windows\System32\wshtcpip.dll
0x73230000 - 0x7324c000 	C:\Windows\system32\IPHLPAPI.DLL
0x73200000 - 0x73207000 	C:\Windows\system32\WINNSI.DLL
0x720d0000 - 0x720d6000 	C:\Windows\system32\rasadhlp.dll
0x72060000 - 0x72098000 	C:\Windows\System32\fwpuclnt.dll

VM Arguments:
jvm_args: -Dfile.encoding=Cp1252 
java_command: bots.Bot
Launcher Type: SUN_STANDARD

Environment Variables:
PATH=C:\Program Files (x86)\AMD APP\bin\x86_64;C:\Program Files (x86)\AMD APP\bin\x86;C:\Program Files\Common Files\Microsoft Shared\Windows Live;C:\Program Files (x86)\Common Files\Microsoft Shared\Windows Live;C:\Windows\system32;C:\Windows;C:\Windows\System32\Wbem;C:\Windows\System32\WindowsPowerShell\v1.0\;C:\Program Files (x86)\ATI Technologies\ATI.ACE\Core-Static;C:\Python25;C:\Program Files (x86)\Windows Live\Shared;C:\Program Files (x86)\MiKTeX 2.9\miktex\bin\;C:\Program Files (x86)\Git\cmd;C:\Program Files (x86)\Git\bin;C:\programmieren\JavaSDK\bin;C:\Apps\dekompilieren\jd-gui-0.3.5.windows(1);C:\apk-Dateien\dekompilieren\apktool
USERNAME=Joschka
OS=Windows_NT
PROCESSOR_IDENTIFIER=Intel64 Family 6 Model 42 Stepping 7, GenuineIntel



---------------  S Y S T E M  ---------------

OS: Windows 7 , 64 bit Build 7601 Service Pack 1

CPU:total 4 (4 cores per cpu, 1 threads per core) family 6 model 42 stepping 7, cmov, cx8, fxsr, mmx, sse, sse2, sse3, ssse3, sse4.1, sse4.2, popcnt

Memory: 4k page, physical 4171220k(1999376k free), swap 8340580k(5860944k free)

vm_info: Java HotSpot(TM) Client VM (22.1-b02) for windows-x86 JRE (1.7.0_03-b05), built on Feb  3 2012 20:43:37 by "java_re" with unknown MS VC++:1600

time: Tue Sep 10 22:14:54 2013
elapsed time: 91 seconds

