#
# A fatal error has been detected by the Java Runtime Environment:
#
#  EXCEPTION_ACCESS_VIOLATION (0xc0000005) at pc=0x1d6e4d00, pid=4604, tid=4420
#
# JRE version: 7.0_03-b05
# Java VM: Java HotSpot(TM) Client VM (22.1-b02 mixed mode windows-x86 )
# Problematic frame:
# C  0x1d6e4d00
#
# Failed to write core dump. Minidumps are not enabled by default on client versions of Windows
#
# If you would like to submit a bug report, please visit:
#   http://bugreport.sun.com/bugreport/crash.jsp
# The crash happened outside the Java Virtual Machine in native code.
# See problematic frame for where to report the bug.
#

---------------  T H R E A D  ---------------

Current thread (0x00e08400):  JavaThread "Thread-3" [_thread_in_native, id=4420, stack(0x1d740000,0x1d790000)]

siginfo: ExceptionCode=0xc0000005, ExceptionInformation=0x00000008 0x1d6e4d00

Registers:
EAX=0x1d78f380, EBX=0x00000000, ECX=0x09f8ad98, EDX=0x00e08528
ESP=0x1d78f34c, EBP=0x1d78f378, ESI=0x00000000, EDI=0x00e08400
EIP=0x1d6e4d00, EFLAGS=0x00010246

Top of Stack: (sp=0x1d78f34c)
0x1d78f34c:   02835aed 00e08528 1d78f360 00000000
0x1d78f35c:   1d78f380 09f8ad98 1d78f378 741e8b60
0x1d78f36c:   00e08400 09d0e238 00000000 1d78f6e4
0x1d78f37c:   0284815c 073e7048 1d78f388 09d0e238
0x1d78f38c:   09d0e238 09d420b8 0283a499 1d78f6e4
0x1d78f39c:   0283ae0c 00000000 14dc3c78 1d78f3d8
0x1d78f3ac:   741b7d07 09f8ad98 073e7048 14d48bd8
0x1d78f3bc:   18d03a10 00000002 7762f8d1 76d7149d 

Instructions: (pc=0x1d6e4d00)
0x1d6e4ce0:   
[error occurred during error reporting (printing registers, top of stack, instructions near pc), id 0xc0000005]

Register to memory mapping:

EAX=0x1d78f380 is pointing into the stack for thread: 0x00e08400
EBX=0x00000000 is an unknown value
ECX=0x09f8ad98 is an oop
com.sun.jna.Function 
 - klass: 'com/sun/jna/Function'
EDX=0x00e08528 is an unknown value
ESP=0x1d78f34c is pointing into the stack for thread: 0x00e08400
EBP=0x1d78f378 is pointing into the stack for thread: 0x00e08400
ESI=0x00000000 is an unknown value
EDI=0x00e08400 is a thread


Stack: [0x1d740000,0x1d790000],  sp=0x1d78f34c,  free space=316k
Native frames: (J=compiled Java code, j=interpreted, Vv=VM code, C=native code)
C  0x1d6e4d00
J  com.sun.jna.Function.invoke([Ljava/lang/Object;Ljava/lang/Class;Z)Ljava/lang/Object;
V  [jvm.dll+0x123c0a]
V  [jvm.dll+0x1c9e8e]
V  [jvm.dll+0x123df3]
V  [jvm.dll+0x123e57]
V  [jvm.dll+0xcd90f]
V  [jvm.dll+0x14394f]
V  [jvm.dll+0x1720b9]
C  [msvcr100.dll+0x5c6de]  endthreadex+0x3a
C  [msvcr100.dll+0x5c788]  endthreadex+0xe4
C  [KERNEL32.dll+0x1336a]  BaseThreadInitThunk+0x12
C  [ntdll.dll+0x39f72]  RtlInitializeExceptionChain+0x63
C  [ntdll.dll+0x39f45]  RtlInitializeExceptionChain+0x36

Java frames: (J=compiled Java code, j=interpreted, Vv=VM code)
J  com.sun.jna.Function.invokeInt(I[Ljava/lang/Object;)I
J  com.sun.jna.Function.invoke([Ljava/lang/Object;Ljava/lang/Class;Z)Ljava/lang/Object;
J  com.sun.jna.Function.invoke(Ljava/lang/Class;[Ljava/lang/Object;Ljava/util/Map;)Ljava/lang/Object;
J  com.sun.jna.Library$Handler.invoke(Ljava/lang/Object;Ljava/lang/reflect/Method;[Ljava/lang/Object;)Ljava/lang/Object;
J  jhook.$Proxy0.GetAsyncKeyState(I)Z
J  jhook.Keyboard.run()V
v  ~StubRoutines::call_stub

---------------  P R O C E S S  ---------------

Java Threads: ( => current thread )
  0x00e0bc00 JavaThread "Thread-1" daemon [_thread_in_native, id=4684, stack(0x206d0000,0x20720000)]
  0x00e0a800 JavaThread "Thread-28" [_thread_in_Java, id=4912, stack(0x20490000,0x204e0000)]
  0x00e0a000 JavaThread "Thread-27" [_thread_in_Java, id=3564, stack(0x20420000,0x20470000)]
  0x00e09400 JavaThread "Thread-25" [_thread_in_Java, id=3724, stack(0x203d0000,0x20420000)]
  0x00e09c00 JavaThread "Thread-24" [_thread_in_Java, id=4020, stack(0x20350000,0x203a0000)]
  0x00e09000 JavaThread "TimerQueue" daemon [_thread_blocked, id=2180, stack(0x1e2c0000,0x1e310000)]
=>0x00e08400 JavaThread "Thread-3" [_thread_in_native, id=4420, stack(0x1d740000,0x1d790000)]
  0x00e07c00 JavaThread "DestroyJavaVM" [_thread_blocked, id=3332, stack(0x00b40000,0x00b90000)]
  0x00e07400 JavaThread "Interrupter" [_thread_blocked, id=4400, stack(0x1d7e0000,0x1d830000)]
  0x00e06800 JavaThread "AWT-EventQueue-0" [_thread_blocked, id=3216, stack(0x1cb00000,0x1cb50000)]
  0x00e06400 JavaThread "AWT-Windows" daemon [_thread_in_native, id=4512, stack(0x189d0000,0x18a20000)]
  0x00e05c00 JavaThread "AWT-Shutdown" [_thread_blocked, id=4432, stack(0x19120000,0x19170000)]
  0x00e05800 JavaThread "Java2D Disposer" daemon [_thread_blocked, id=4980, stack(0x18930000,0x18980000)]
  0x00d48800 JavaThread "Service Thread" daemon [_thread_blocked, id=1148, stack(0x18840000,0x18890000)]
  0x00d44000 JavaThread "C1 CompilerThread0" daemon [_thread_blocked, id=2908, stack(0x012a0000,0x012f0000)]
  0x00d42c00 JavaThread "Attach Listener" daemon [_thread_blocked, id=4288, stack(0x188d0000,0x18920000)]
  0x00d3fc00 JavaThread "Signal Dispatcher" daemon [_thread_blocked, id=1684, stack(0x01170000,0x011c0000)]
  0x00cea800 JavaThread "Finalizer" daemon [_thread_blocked, id=2236, stack(0x18760000,0x187b0000)]
  0x00ce5c00 JavaThread "Reference Handler" daemon [_thread_blocked, id=1720, stack(0x01220000,0x01270000)]

Other Threads:
  0x00ce1400 VMThread [stack: 0x010a0000,0x010f0000] [id=3828]
  0x00d69800 WatcherThread [stack: 0x18a80000,0x18ad0000] [id=3192]

VM state:not at safepoint (normal execution)

VM Mutex/Monitor currently owned by a thread: None

Heap
 def new generation   total 78656K, used 47687K [0x04730000, 0x09c80000, 0x09c80000)
  eden space 69952K,  67% used [0x04730000, 0x07582c98, 0x08b80000)
  from space 8704K,   2% used [0x09400000, 0x0943f238, 0x09c80000)
  to   space 8704K,   0% used [0x08b80000, 0x08b80000, 0x09400000)
 tenured generation   total 174784K, used 77283K [0x09c80000, 0x14730000, 0x14730000)
   the space 174784K,  44% used [0x09c80000, 0x0e7f8f40, 0x0e7f9000, 0x14730000)
 compacting perm gen  total 12288K, used 9031K [0x14730000, 0x15330000, 0x18730000)
   the space 12288K,  73% used [0x14730000, 0x15001f28, 0x15002000, 0x15330000)
No shared spaces configured.

Code Cache  [0x02730000, 0x02af0000, 0x04730000)
 total_blobs=1463 nmethods=1223 adapters=175 free_code_cache=28942Kb largest_free_block=29635904

Dynamic libraries:
0x01300000 - 0x0132f000 	C:\programmieren\JavaSDK\bin\javaw.exe
0x77610000 - 0x77790000 	C:\Windows\SysWOW64\ntdll.dll
0x720b0000 - 0x720ef000 	C:\Program Files\AVAST Software\Avast\snxhk.dll
0x76bb0000 - 0x76cc0000 	C:\Windows\syswow64\KERNEL32.dll
0x76d60000 - 0x76da7000 	C:\Windows\syswow64\KERNELBASE.dll
0x76cc0000 - 0x76d60000 	C:\Windows\syswow64\ADVAPI32.dll
0x76030000 - 0x760dc000 	C:\Windows\syswow64\msvcrt.dll
0x76b90000 - 0x76ba9000 	C:\Windows\SysWOW64\sechost.dll
0x750d0000 - 0x751c0000 	C:\Windows\syswow64\RPCRT4.dll
0x75060000 - 0x750c0000 	C:\Windows\syswow64\SspiCli.dll
0x75050000 - 0x7505c000 	C:\Windows\syswow64\CRYPTBASE.dll
0x77090000 - 0x77190000 	C:\Windows\syswow64\USER32.dll
0x766b0000 - 0x76740000 	C:\Windows\syswow64\GDI32.dll
0x76890000 - 0x7689a000 	C:\Windows\syswow64\LPK.dll
0x760e0000 - 0x7617d000 	C:\Windows\syswow64\USP10.dll
0x71dd0000 - 0x71f6e000 	C:\Windows\WinSxS\x86_microsoft.windows.common-controls_6595b64144ccf1df_6.0.7601.17514_none_41e6975e2bd6f2b2\COMCTL32.dll
0x76470000 - 0x764c7000 	C:\Windows\syswow64\SHLWAPI.dll
0x764e0000 - 0x76540000 	C:\Windows\system32\IMM32.DLL
0x76370000 - 0x7643c000 	C:\Windows\syswow64\MSCTF.dll
0x74450000 - 0x7450e000 	C:\programmieren\JavaSDK\jre\bin\msvcr100.dll
0x74120000 - 0x74448000 	C:\programmieren\JavaSDK\jre\bin\client\jvm.dll
0x74900000 - 0x74907000 	C:\Windows\system32\WSOCK32.dll
0x75fe0000 - 0x76015000 	C:\Windows\syswow64\WS2_32.dll
0x750c0000 - 0x750c6000 	C:\Windows\syswow64\NSI.dll
0x74dd0000 - 0x74e02000 	C:\Windows\system32\WINMM.dll
0x76020000 - 0x76025000 	C:\Windows\syswow64\PSAPI.DLL
0x74110000 - 0x7411c000 	C:\programmieren\JavaSDK\jre\bin\verify.dll
0x740f0000 - 0x74110000 	C:\programmieren\JavaSDK\jre\bin\java.dll
0x740d0000 - 0x740e3000 	C:\programmieren\JavaSDK\jre\bin\zip.dll
0x6a5f0000 - 0x6a732000 	C:\programmieren\JavaSDK\jre\bin\awt.dll
0x76af0000 - 0x76b7f000 	C:\Windows\syswow64\OLEAUT32.dll
0x76180000 - 0x762dc000 	C:\Windows\syswow64\ole32.dll
0x74d70000 - 0x74d83000 	C:\Windows\system32\DWMAPI.DLL
0x714c0000 - 0x71540000 	C:\Windows\system32\uxtheme.dll
0x748f0000 - 0x748f9000 	C:\Windows\system32\VERSION.dll
0x715c0000 - 0x715cb000 	C:\Windows\system32\atiu9pag.dll
0x75390000 - 0x75fda000 	C:\Windows\syswow64\SHELL32.dll
0x6d580000 - 0x6d5aa000 	C:\programmieren\JavaSDK\jre\bin\fontmanager.dll
0x740b0000 - 0x740c4000 	C:\programmieren\JavaSDK\jre\bin\net.dll
0x71a90000 - 0x71acc000 	C:\Windows\system32\mswsock.dll
0x71a70000 - 0x71a76000 	C:\Windows\System32\wship6.dll
0x740a0000 - 0x740af000 	C:\programmieren\JavaSDK\jre\bin\nio.dll
0x6a760000 - 0x6a791000 	C:\programmieren\JavaSDK\jre\bin\t2k.dll
0x76de0000 - 0x76e63000 	C:\Windows\syswow64\CLBCatQ.DLL
0x73f60000 - 0x74090000 	C:\Windows\system32\WindowsCodecs.dll
0x74890000 - 0x748dc000 	C:\Windows\system32\apphelp.dll
0x6a570000 - 0x6a5a1000 	C:\Windows\system32\EhStorShell.dll
0x751f0000 - 0x7538d000 	C:\Windows\syswow64\SETUPAPI.dll
0x76db0000 - 0x76dd7000 	C:\Windows\syswow64\CFGMGR32.dll
0x76740000 - 0x76752000 	C:\Windows\syswow64\DEVOBJ.dll
0x71cd0000 - 0x71dc5000 	C:\Windows\system32\PROPSYS.dll
0x73bc0000 - 0x73c30000 	C:\Windows\system32\ntshrui.dll
0x728d0000 - 0x728e9000 	C:\Windows\system32\srvcli.dll
0x73c90000 - 0x73c9b000 	C:\Windows\system32\cscapi.dll
0x73c80000 - 0x73c8a000 	C:\Windows\system32\slc.dll
0x71b10000 - 0x71b26000 	C:\Windows\system32\CRYPTSP.dll
0x71ad0000 - 0x71b0b000 	C:\Windows\system32\rsaenh.dll
0x722c0000 - 0x722d7000 	C:\Windows\system32\USERENV.dll
0x71f70000 - 0x71f7b000 	C:\Windows\system32\profapi.dll
0x724d0000 - 0x724e0000 	C:\Windows\system32\NLAapi.dll
0x71a60000 - 0x71a70000 	C:\Windows\system32\napinsp.dll
0x71a40000 - 0x71a52000 	C:\Windows\system32\pnrpnsp.dll
0x719f0000 - 0x71a34000 	C:\Windows\system32\DNSAPI.dll
0x719e0000 - 0x719e8000 	C:\Windows\System32\winrnr.dll
0x719b0000 - 0x719d7000 	C:\Program Files (x86)\Common Files\Microsoft Shared\Windows Live\WLIDNSP.DLL
0x71a80000 - 0x71a85000 	C:\Windows\System32\wshtcpip.dll
0x73030000 - 0x7304c000 	C:\Windows\system32\IPHLPAPI.DLL
0x73020000 - 0x73027000 	C:\Windows\system32\WINNSI.DLL
0x71860000 - 0x71866000 	C:\Windows\system32\rasadhlp.dll
0x71870000 - 0x718a8000 	C:\Windows\System32\fwpuclnt.dll

VM Arguments:
jvm_args: -Dfile.encoding=Cp1252 
java_command: bots.Bot
Launcher Type: SUN_STANDARD

Environment Variables:
PATH=C:\Program Files (x86)\AMD APP\bin\x86_64;C:\Program Files (x86)\AMD APP\bin\x86;C:\Program Files\Common Files\Microsoft Shared\Windows Live;C:\Program Files (x86)\Common Files\Microsoft Shared\Windows Live;C:\Windows\system32;C:\Windows;C:\Windows\System32\Wbem;C:\Windows\System32\WindowsPowerShell\v1.0\;C:\Program Files (x86)\ATI Technologies\ATI.ACE\Core-Static;C:\Python25;C:\Program Files (x86)\Windows Live\Shared;C:\Program Files (x86)\MiKTeX 2.9\miktex\bin\;C:\Program Files (x86)\Git\cmd;C:\Program Files (x86)\Git\bin;C:\programmieren\JavaSDK\bin;C:\Apps\dekompilieren\jd-gui-0.3.5.windows(1);C:\apk-Dateien\dekompilieren\apktool
USERNAME=Joschka
OS=Windows_NT
PROCESSOR_IDENTIFIER=Intel64 Family 6 Model 42 Stepping 7, GenuineIntel



---------------  S Y S T E M  ---------------

OS: Windows 7 , 64 bit Build 7601 Service Pack 1

CPU:total 4 (4 cores per cpu, 1 threads per core) family 6 model 42 stepping 7, cmov, cx8, fxsr, mmx, sse, sse2, sse3, ssse3, sse4.1, sse4.2, popcnt

Memory: 4k page, physical 4171220k(2279160k free), swap 8340580k(5954532k free)

vm_info: Java HotSpot(TM) Client VM (22.1-b02) for windows-x86 JRE (1.7.0_03-b05), built on Feb  3 2012 20:43:37 by "java_re" with unknown MS VC++:1600

time: Tue Oct 08 21:03:47 2013
elapsed time: 619 seconds

