#
# A fatal error has been detected by the Java Runtime Environment:
#
#  EXCEPTION_ACCESS_VIOLATION (0xc0000005) at pc=0x1dac4d00, pid=7880, tid=2256
#
# JRE version: 7.0_03-b05
# Java VM: Java HotSpot(TM) Client VM (22.1-b02 mixed mode windows-x86 )
# Problematic frame:
# C  0x1dac4d00
#
# Failed to write core dump. Minidumps are not enabled by default on client versions of Windows
#
# If you would like to submit a bug report, please visit:
#   http://bugreport.sun.com/bugreport/crash.jsp
# The crash happened outside the Java Virtual Machine in native code.
# See problematic frame for where to report the bug.
#

---------------  T H R E A D  ---------------

Current thread (0x19494400):  JavaThread "Thread-3" [_thread_in_native, id=2256, stack(0x1ddc0000,0x1de10000)]

siginfo: ExceptionCode=0xc0000005, ExceptionInformation=0x00000008 0x1dac4d00

Registers:
EAX=0x1de0f000, EBX=0x04431810, ECX=0x098f71f8, EDX=0x19494528
ESP=0x1de0efcc, EBP=0x1de0eff8, ESI=0x09636f40, EDI=0x19494400
EIP=0x1dac4d00, EFLAGS=0x00010246

Top of Stack: (sp=0x1de0efcc)
0x1de0efcc:   0217ee6d 19494528 1de0efe0 00000000
0x1de0efdc:   1de0f000 098f71f8 19494400 09649f00
0x1de0efec:   1de0efdc 1de0f000 1de0f4c8 1de0f414
0x1de0effc:   021933d4 04431810 1de0f018 70938b60
0x1de0f00c:   19494400 09649f58 09649f58 1de0f038
0x1de0f01c:   02173053 09649f58 1de0f028 09649f58
0x1de0f02c:   140de690 098f71f8 04431810 1de0f414
0x1de0f03c:   02184bfc 708a6ef4 0219ea2f 1de0f0a0 

Instructions: (pc=0x1dac4d00)
0x1dac4ce0:   
[error occurred during error reporting (printing registers, top of stack, instructions near pc), id 0xc0000005]

Register to memory mapping:

EAX=0x1de0f000 is pointing into the stack for thread: 0x19494400
EBX=
[error occurred during error reporting (printing register info), id 0xc0000005]

Stack: [0x1ddc0000,0x1de10000],  sp=0x1de0efcc,  free space=315k
Native frames: (J=compiled Java code, j=interpreted, Vv=VM code, C=native code)
C  0x1dac4d00
J  com.sun.jna.Function.invoke([Ljava/lang/Object;Ljava/lang/Class;Z)Ljava/lang/Object;
V  [jvm.dll+0x123c0a]
V  [jvm.dll+0x1c9e8e]
V  [jvm.dll+0x123df3]
V  [jvm.dll+0x123e57]
V  [jvm.dll+0xcd90f]
V  [jvm.dll+0x14394f]
V  [jvm.dll+0x1720b9]
C  [msvcr100.dll+0x5c6de]  endthreadex+0x3a
C  [msvcr100.dll+0x5c788]  endthreadex+0xe4
C  [KERNEL32.dll+0x133aa]  BaseThreadInitThunk+0x12
C  [ntdll.dll+0x39ef2]  RtlInitializeExceptionChain+0x63
C  [ntdll.dll+0x39ec5]  RtlInitializeExceptionChain+0x36

Java frames: (J=compiled Java code, j=interpreted, Vv=VM code)
J  com.sun.jna.Function.invokeInt(I[Ljava/lang/Object;)I
J  com.sun.jna.Function.invoke([Ljava/lang/Object;Ljava/lang/Class;Z)Ljava/lang/Object;
J  com.sun.jna.Function.invoke(Ljava/lang/Class;[Ljava/lang/Object;Ljava/util/Map;)Ljava/lang/Object;
J  com.sun.jna.Library$Handler.invoke(Ljava/lang/Object;Ljava/lang/reflect/Method;[Ljava/lang/Object;)Ljava/lang/Object;
J  jhook.$Proxy0.GetAsyncKeyState(I)Z
J  jhook.Keyboard.run()V
v  ~StubRoutines::call_stub

---------------  P R O C E S S  ---------------

Java Threads: ( => current thread )
  0x19569000 JavaThread "Thread-1" daemon [_thread_in_native, id=6652, stack(0x1efe0000,0x1f030000)]
  0x194ba400 JavaThread "TimerQueue" daemon [_thread_blocked, id=7884, stack(0x1e9a0000,0x1e9f0000)]
=>0x19494400 JavaThread "Thread-3" [_thread_in_native, id=2256, stack(0x1ddc0000,0x1de10000)]
  0x00a09c00 JavaThread "DestroyJavaVM" [_thread_blocked, id=6512, stack(0x009b0000,0x00a00000)]
  0x19485800 JavaThread "Interrupter" [_thread_in_Java, id=7388, stack(0x1dba0000,0x1dbf0000)]
  0x19485000 JavaThread "BotLeftUp-v1.2.0" [_thread_in_native, id=7680, stack(0x1d9d0000,0x1da20000)]
  0x19484800 JavaThread "BotLeftDown-v1.2.0" [_thread_in_native, id=7196, stack(0x1ce20000,0x1ce70000)]
  0x19484400 JavaThread "BotRightUp-v1.2.0" [_thread_in_native, id=7040, stack(0x1db20000,0x1db70000)]
  0x19439c00 JavaThread "AWT-EventQueue-0" [_thread_blocked, id=7396, stack(0x1b910000,0x1b960000)]
  0x192fcc00 JavaThread "AWT-Shutdown" [_thread_blocked, id=8184, stack(0x191d0000,0x19220000)]
  0x181bac00 JavaThread "Java2D Disposer" daemon [_thread_blocked, id=6276, stack(0x19260000,0x192b0000)]
  0x180fcc00 JavaThread "Service Thread" daemon [_thread_blocked, id=3420, stack(0x19020000,0x19070000)]
  0x180fa400 JavaThread "C1 CompilerThread0" daemon [_thread_blocked, id=6900, stack(0x18ef0000,0x18f40000)]
  0x180ec400 JavaThread "JDWP Command Reader" daemon [_thread_in_native, id=4920, stack(0x188e0000,0x18930000)]
  0x180e7400 JavaThread "JDWP Event Helper Thread" daemon [_thread_blocked, id=7432, stack(0x18df0000,0x18e40000)]
  0x180db000 JavaThread "JDWP Transport Listener: dt_socket" daemon [_thread_blocked, id=7068, stack(0x18c80000,0x18cd0000)]
  0x180d4c00 JavaThread "Attach Listener" daemon [_thread_blocked, id=7216, stack(0x18450000,0x184a0000)]
  0x180d1800 JavaThread "Signal Dispatcher" daemon [_thread_blocked, id=7944, stack(0x184f0000,0x18540000)]
  0x1807cc00 JavaThread "Finalizer" daemon [_thread_blocked, id=7188, stack(0x18340000,0x18390000)]
  0x18076000 JavaThread "Reference Handler" daemon [_thread_blocked, id=6704, stack(0x00b20000,0x00b70000)]

Other Threads:
  0x18071400 VMThread [stack: 0x182d0000,0x18320000] [id=6540]
  0x1810d800 WatcherThread [stack: 0x19080000,0x190d0000] [id=7076]

VM state:not at safepoint (normal execution)

VM Mutex/Monitor currently owned by a thread: None

Heap
 def new generation   total 4928K, used 401K [0x04070000, 0x045c0000, 0x095c0000)
  eden space 4416K,   7% used [0x04070000, 0x040c2e50, 0x044c0000)
  from space 512K,  13% used [0x044c0000, 0x044d1898, 0x04540000)
  to   space 512K,   0% used [0x04540000, 0x04540000, 0x045c0000)
 tenured generation   total 10944K, used 3304K [0x095c0000, 0x0a070000, 0x14070000)
   the space 10944K,  30% used [0x095c0000, 0x098fa118, 0x098fa200, 0x0a070000)
 compacting perm gen  total 12288K, used 7878K [0x14070000, 0x14c70000, 0x18070000)
   the space 12288K,  64% used [0x14070000, 0x14821898, 0x14821a00, 0x14c70000)
No shared spaces configured.

Code Cache  [0x02070000, 0x021a0000, 0x04070000)
 total_blobs=536 nmethods=312 adapters=168 free_code_cache=31561Kb largest_free_block=32311808

Dynamic libraries:
0x00c40000 - 0x00c6f000 	C:\programmieren\JavaSDK\bin\javaw.exe
0x77610000 - 0x77790000 	C:\Windows\SysWOW64\ntdll.dll
0x71ed0000 - 0x71f0f000 	C:\Program Files\AVAST Software\Avast\snxhk.dll
0x76c10000 - 0x76d20000 	C:\Windows\syswow64\KERNEL32.dll
0x75180000 - 0x751c7000 	C:\Windows\syswow64\KERNELBASE.dll
0x765c0000 - 0x76660000 	C:\Windows\syswow64\ADVAPI32.dll
0x75600000 - 0x756ac000 	C:\Windows\syswow64\msvcrt.dll
0x756b0000 - 0x756c9000 	C:\Windows\SysWOW64\sechost.dll
0x76b20000 - 0x76c10000 	C:\Windows\syswow64\RPCRT4.dll
0x75060000 - 0x750c0000 	C:\Windows\syswow64\SspiCli.dll
0x75050000 - 0x7505c000 	C:\Windows\syswow64\CRYPTBASE.dll
0x76d30000 - 0x76e30000 	C:\Windows\syswow64\USER32.dll
0x751d0000 - 0x75260000 	C:\Windows\syswow64\GDI32.dll
0x76810000 - 0x7681a000 	C:\Windows\syswow64\LPK.dll
0x750e0000 - 0x7517d000 	C:\Windows\syswow64\USP10.dll
0x72510000 - 0x726ae000 	C:\Windows\WinSxS\x86_microsoft.windows.common-controls_6595b64144ccf1df_6.0.7601.17514_none_41e6975e2bd6f2b2\COMCTL32.dll
0x76690000 - 0x766e7000 	C:\Windows\syswow64\SHLWAPI.dll
0x766f0000 - 0x76750000 	C:\Windows\system32\IMM32.DLL
0x77010000 - 0x770dc000 	C:\Windows\syswow64\MSCTF.dll
0x70ba0000 - 0x70c5e000 	C:\programmieren\JavaSDK\jre\bin\msvcr100.dll
0x70870000 - 0x70b98000 	C:\programmieren\JavaSDK\jre\bin\client\jvm.dll
0x74f00000 - 0x74f07000 	C:\Windows\system32\WSOCK32.dll
0x76320000 - 0x76355000 	C:\Windows\syswow64\WS2_32.dll
0x76820000 - 0x76826000 	C:\Windows\syswow64\NSI.dll
0x74550000 - 0x74582000 	C:\Windows\system32\WINMM.dll
0x763f0000 - 0x763f5000 	C:\Windows\syswow64\PSAPI.DLL
0x737e0000 - 0x737ec000 	C:\programmieren\JavaSDK\jre\bin\verify.dll
0x737c0000 - 0x737e0000 	C:\programmieren\JavaSDK\jre\bin\java.dll
0x72a30000 - 0x72a5a000 	C:\programmieren\JavaSDK\jre\bin\jdwp.dll
0x72f70000 - 0x72f77000 	C:\programmieren\JavaSDK\jre\bin\npt.dll
0x737a0000 - 0x737b3000 	C:\programmieren\JavaSDK\jre\bin\zip.dll
0x72f80000 - 0x72f88000 	C:\programmieren\JavaSDK\jre\bin\dt_socket.dll
0x72070000 - 0x72080000 	C:\Windows\system32\NLAapi.dll
0x717d0000 - 0x717e0000 	C:\Windows\system32\napinsp.dll
0x717b0000 - 0x717c2000 	C:\Windows\system32\pnrpnsp.dll
0x71840000 - 0x7187c000 	C:\Windows\System32\mswsock.dll
0x71760000 - 0x717a4000 	C:\Windows\system32\DNSAPI.dll
0x71750000 - 0x71758000 	C:\Windows\System32\winrnr.dll
0x71720000 - 0x71747000 	C:\Program Files (x86)\Common Files\Microsoft Shared\Windows Live\WLIDNSP.DLL
0x72f10000 - 0x72f2c000 	C:\Windows\system32\IPHLPAPI.DLL
0x72f00000 - 0x72f07000 	C:\Windows\system32\WINNSI.DLL
0x71630000 - 0x71668000 	C:\Windows\System32\fwpuclnt.dll
0x71670000 - 0x71676000 	C:\Windows\system32\rasadhlp.dll
0x71830000 - 0x71835000 	C:\Windows\System32\wshtcpip.dll
0x680c0000 - 0x68202000 	C:\programmieren\JavaSDK\jre\bin\awt.dll
0x76880000 - 0x7690f000 	C:\Windows\syswow64\OLEAUT32.dll
0x76e30000 - 0x76f8c000 	C:\Windows\syswow64\ole32.dll
0x742d0000 - 0x742e3000 	C:\Windows\system32\DWMAPI.DLL
0x74640000 - 0x746c0000 	C:\Windows\system32\uxtheme.dll
0x748f0000 - 0x748f9000 	C:\Windows\system32\VERSION.dll
0x740b0000 - 0x740bb000 	C:\Windows\system32\atiu9pag.dll
0x756d0000 - 0x7631a000 	C:\Windows\syswow64\SHELL32.dll
0x72a00000 - 0x72a2a000 	C:\programmieren\JavaSDK\jre\bin\fontmanager.dll
0x73780000 - 0x73794000 	C:\programmieren\JavaSDK\jre\bin\net.dll
0x71820000 - 0x71826000 	C:\Windows\System32\wship6.dll
0x733e0000 - 0x733ef000 	C:\programmieren\JavaSDK\jre\bin\nio.dll
0x729c0000 - 0x729f1000 	C:\programmieren\JavaSDK\jre\bin\t2k.dll
0x76360000 - 0x763e3000 	C:\Windows\syswow64\CLBCatQ.DLL
0x6f1c0000 - 0x6f2f0000 	C:\Windows\system32\WindowsCodecs.dll
0x74890000 - 0x748dc000 	C:\Windows\system32\apphelp.dll
0x68320000 - 0x68351000 	C:\Windows\system32\EhStorShell.dll
0x76410000 - 0x765ad000 	C:\Windows\syswow64\SETUPAPI.dll
0x755d0000 - 0x755f7000 	C:\Windows\syswow64\CFGMGR32.dll
0x76830000 - 0x76842000 	C:\Windows\syswow64\DEVOBJ.dll
0x71f10000 - 0x72005000 	C:\Windows\system32\PROPSYS.dll
0x6a260000 - 0x6a2d0000 	C:\Windows\system32\ntshrui.dll
0x72470000 - 0x72489000 	C:\Windows\system32\srvcli.dll
0x740c0000 - 0x740cb000 	C:\Windows\system32\cscapi.dll
0x71530000 - 0x7153a000 	C:\Windows\system32\slc.dll
0x72050000 - 0x72066000 	C:\Windows\system32\CRYPTSP.dll
0x72010000 - 0x7204b000 	C:\Windows\system32\rsaenh.dll
0x71890000 - 0x718a7000 	C:\Windows\system32\USERENV.dll
0x72f50000 - 0x72f5b000 	C:\Windows\system32\profapi.dll

VM Arguments:
jvm_args: -agentlib:jdwp=transport=dt_socket,suspend=y,address=localhost:49406 -Dfile.encoding=Cp1252 
java_command: bots.Bot
Launcher Type: SUN_STANDARD

Environment Variables:
PATH=C:\programmieren\JavaSDK\jre\bin;C:\Program Files (x86)\AMD APP\bin\x86_64;C:\Program Files (x86)\AMD APP\bin\x86;C:\Program Files\Common Files\Microsoft Shared\Windows Live;C:\Program Files (x86)\Common Files\Microsoft Shared\Windows Live;C:\Windows\system32;C:\Windows;C:\Windows\System32\Wbem;C:\Windows\System32\WindowsPowerShell\v1.0\;C:\Program Files (x86)\ATI Technologies\ATI.ACE\Core-Static;C:\Python25;C:\Program Files (x86)\Windows Live\Shared;C:\Program Files (x86)\MiKTeX 2.9\miktex\bin\;C:\Program Files (x86)\Git\cmd;C:\Program Files (x86)\Git\bin
USERNAME=Joschka
OS=Windows_NT
PROCESSOR_IDENTIFIER=Intel64 Family 6 Model 42 Stepping 7, GenuineIntel



---------------  S Y S T E M  ---------------

OS: Windows 7 , 64 bit Build 7601 Service Pack 1

CPU:total 4 (4 cores per cpu, 1 threads per core) family 6 model 42 stepping 7, cmov, cx8, fxsr, mmx, sse, sse2, sse3, ssse3, sse4.1, sse4.2, popcnt

Memory: 4k page, physical 4171220k(2164164k free), swap 8340580k(6077984k free)

vm_info: Java HotSpot(TM) Client VM (22.1-b02) for windows-x86 JRE (1.7.0_03-b05), built on Feb  3 2012 20:43:37 by "java_re" with unknown MS VC++:1600

time: Fri Jul 19 23:57:02 2013
elapsed time: 2 seconds

