#
# A fatal error has been detected by the Java Runtime Environment:
#
#  EXCEPTION_ACCESS_VIOLATION (0xc0000005) at pc=0x6b0c3ae9, pid=5000, tid=4748
#
# JRE version: 7.0_03-b05
# Java VM: Java HotSpot(TM) Client VM (22.1-b02 mixed mode windows-x86 )
# Problematic frame:
# V  [jvm.dll+0xa3ae9]
#
# Failed to write core dump. Minidumps are not enabled by default on client versions of Windows
#
# If you would like to submit a bug report, please visit:
#   http://bugreport.sun.com/bugreport/crash.jsp
#

---------------  T H R E A D  ---------------

Current thread (0x1918ac00):  JavaThread "Thread-3" [_thread_in_vm, id=4748, stack(0x1d9f0000,0x1da40000)]

siginfo: ExceptionCode=0xc0000005, reading address 0x00000000

Registers:
EAX=0x00000000, EBX=0x19156401, ECX=0x00000000, EDX=0x00000000
ESP=0x1da3f1dc, EBP=0x1da3f1e8, ESI=0x1918ac00, EDI=0x19156498
EIP=0x6b0c3ae9, EFLAGS=0x00010202

Top of Stack: (sp=0x1da3f1dc)
0x1da3f1dc:   1da3f270 00000000 19156498 1da3f458
0x1da3f1ec:   1cd342a8 1918ad28 19156498 00000000
0x1da3f1fc:   1da3f210 1da3f230 00000000 00000020
0x1da3f20c:   1cd34220 6b023393 1918ac00 f1027b1d
0x1da3f21c:   00000000 1da3f254 6b023393 00000020
0x1da3f22c:   1cd3420c 00000001 1918ac00 1da3f490
0x1da3f23c:   1da3f22c 1da3f250 1da3f8c8 f1027b09
0x1da3f24c:   1cd341ee fffffffe 1da3f268 6b0c3d0d 

Instructions: (pc=0x6b0c3ae9)
0x6b0c3ac9:   a0 09 00 33 f6 eb 02 8b f1 6a 06 56 e8 46 f9 f5
0x6b0c3ad9:   ff 8b 7d 0c 83 c4 08 b3 01 85 ff 74 3d 8b 45 10
0x6b0c3ae9:   8b 00 50 32 db e8 8d ad f7 ff 83 c4 04 85 c0 74
0x6b0c3af9:   29 8b 0f 8b 49 04 8b 50 10 83 c1 08 39 44 0a f8 


Register to memory mapping:

EAX=0x00000000 is an unknown value
EBX=0x19156401 is an unknown value
ECX=0x00000000 is an unknown value
EDX=0x00000000 is an unknown value
ESP=0x1da3f1dc is pointing into the stack for thread: 0x1918ac00
EBP=0x1da3f1e8 is pointing into the stack for thread: 0x1918ac00
ESI=0x1918ac00 is a thread
EDI=0x19156498 is an unknown value


Stack: [0x1d9f0000,0x1da40000],  sp=0x1da3f1dc,  free space=316k
Native frames: (J=compiled Java code, j=interpreted, Vv=VM code, C=native code)
V  [jvm.dll+0xa3ae9]
C  0x1cd342a8
C  0x1cd34d2e
J  com.sun.jna.Function.invokeInt(I[Ljava/lang/Object;)I
J  com.sun.jna.Function.invoke([Ljava/lang/Object;Ljava/lang/Class;Z)Ljava/lang/Object;
V  [jvm.dll+0x123c0a]
V  [jvm.dll+0x1c9e8e]
V  [jvm.dll+0x123df3]
V  [jvm.dll+0x123e57]
V  [jvm.dll+0xcd90f]
V  [jvm.dll+0x14394f]
V  [jvm.dll+0x1720b9]
C  [msvcr100.dll+0x5c6de]  endthreadex+0x3a
C  [msvcr100.dll+0x5c788]  endthreadex+0xe4
C  [KERNEL32.dll+0x1336a]  BaseThreadInitThunk+0x12
C  [ntdll.dll+0x39f72]  RtlInitializeExceptionChain+0x63
C  [ntdll.dll+0x39f45]  RtlInitializeExceptionChain+0x36

Java frames: (J=compiled Java code, j=interpreted, Vv=VM code)
J  com.sun.jna.Function.invokeInt(I[Ljava/lang/Object;)I
J  com.sun.jna.Function.invoke([Ljava/lang/Object;Ljava/lang/Class;Z)Ljava/lang/Object;
J  com.sun.jna.Function.invoke(Ljava/lang/Class;[Ljava/lang/Object;Ljava/util/Map;)Ljava/lang/Object;
J  com.sun.jna.Library$Handler.invoke(Ljava/lang/Object;Ljava/lang/reflect/Method;[Ljava/lang/Object;)Ljava/lang/Object;
J  jhook.$Proxy0.GetAsyncKeyState(I)Z
J  jhook.Keyboard.run()V
v  ~StubRoutines::call_stub

---------------  P R O C E S S  ---------------

Java Threads: ( => current thread )
  0x192d0400 JavaThread "Thread-2" [_thread_blocked, id=2976, stack(0x1bac0000,0x1bb10000)]
  0x192cfc00 JavaThread "Thread-0" [_thread_blocked, id=5024, stack(0x1ba30000,0x1ba80000)]
  0x192cd400 JavaThread "Thread-1" daemon [_thread_in_native, id=4876, stack(0x1bbb0000,0x1bc00000)]
  0x192cd000 JavaThread "Thread-4" [_thread_blocked, id=2164, stack(0x1b940000,0x1b990000)]
  0x191bb400 JavaThread "TimerQueue" daemon [_thread_blocked, id=808, stack(0x1d9a0000,0x1d9f0000)]
  0x1918b000 JavaThread "D3D Screen Updater" daemon [_thread_blocked, id=4864, stack(0x1d8b0000,0x1d900000)]
=>0x1918ac00 JavaThread "Thread-3" [_thread_in_vm, id=4748, stack(0x1d9f0000,0x1da40000)]
  0x00979800 JavaThread "DestroyJavaVM" [_thread_blocked, id=1480, stack(0x00a90000,0x00ae0000)]
  0x1918a400 JavaThread "Interrupter" [_thread_blocked, id=2508, stack(0x1d950000,0x1d9a0000)]
  0x19155800 JavaThread "AWT-EventQueue-0" [_thread_blocked, id=1384, stack(0x1b8e0000,0x1b930000)]
  0x19154400 JavaThread "AWT-Shutdown" [_thread_blocked, id=4044, stack(0x18bd0000,0x18c20000)]
  0x00f5e000 JavaThread "AWT-Windows" daemon [_thread_blocked, id=2384, stack(0x18c80000,0x18cd0000)]
  0x00e8e800 JavaThread "Java2D Disposer" daemon [_thread_blocked, id=3068, stack(0x18b50000,0x18ba0000)]
  0x00dc8800 JavaThread "Service Thread" daemon [_thread_blocked, id=1112, stack(0x012d0000,0x01320000)]
  0x00dc4000 JavaThread "C1 CompilerThread0" daemon [_thread_blocked, id=3500, stack(0x18890000,0x188e0000)]
  0x00dc2c00 JavaThread "Attach Listener" daemon [_thread_blocked, id=2516, stack(0x011b0000,0x01200000)]
  0x00dbfc00 JavaThread "Signal Dispatcher" daemon [_thread_blocked, id=4908, stack(0x187e0000,0x18830000)]
  0x00d6a800 JavaThread "Finalizer" daemon [_thread_blocked, id=416, stack(0x00fd0000,0x01020000)]
  0x00d65c00 JavaThread "Reference Handler" daemon [_thread_blocked, id=1096, stack(0x01040000,0x01090000)]

Other Threads:
  0x00d61400 VMThread [stack: 0x00580000,0x005d0000] [id=1864]
  0x00de0800 WatcherThread [stack: 0x01360000,0x013b0000] [id=2708]

VM state:synchronizing (normal execution)

VM Mutex/Monitor currently owned by a thread:  ([mutex/lock_event])
[0x009779b8] Threads_lock - owner thread: 0x00d61400

Heap
 def new generation   total 9600K, used 6108K [0x047e0000, 0x05240000, 0x09d30000)
  eden space 8576K,  62% used [0x047e0000, 0x04d22ab0, 0x05040000)
  from space 1024K,  70% used [0x05040000, 0x050f4660, 0x05140000)
  to   space 1024K,   0% used [0x05140000, 0x05140000, 0x05240000)
 tenured generation   total 39136K, used 21398K [0x09d30000, 0x0c368000, 0x147e0000)
   the space 39136K,  54% used [0x09d30000, 0x0b215900, 0x0b215a00, 0x0c368000)
 compacting perm gen  total 12288K, used 8949K [0x147e0000, 0x153e0000, 0x187e0000)
   the space 12288K,  72% used [0x147e0000, 0x1509d7a8, 0x1509d800, 0x153e0000)
No shared spaces configured.

Code Cache  [0x027e0000, 0x02998000, 0x047e0000)
 total_blobs=908 nmethods=668 adapters=176 free_code_cache=31013Kb largest_free_block=31757248

Dynamic libraries:
0x013b0000 - 0x013df000 	C:\programmieren\JavaSDK\bin\javaw.exe
0x77870000 - 0x779f0000 	C:\Windows\SysWOW64\ntdll.dll
0x71640000 - 0x7167f000 	C:\Program Files\AVAST Software\Avast\snxhk.dll
0x75890000 - 0x759a0000 	C:\Windows\syswow64\KERNEL32.dll
0x754a0000 - 0x754e7000 	C:\Windows\syswow64\KERNELBASE.dll
0x763b0000 - 0x76450000 	C:\Windows\syswow64\ADVAPI32.dll
0x76190000 - 0x7623c000 	C:\Windows\syswow64\msvcrt.dll
0x75500000 - 0x75519000 	C:\Windows\SysWOW64\sechost.dll
0x75770000 - 0x75860000 	C:\Windows\syswow64\RPCRT4.dll
0x752d0000 - 0x75330000 	C:\Windows\syswow64\SspiCli.dll
0x752c0000 - 0x752cc000 	C:\Windows\syswow64\CRYPTBASE.dll
0x76090000 - 0x76190000 	C:\Windows\syswow64\USER32.dll
0x773a0000 - 0x77430000 	C:\Windows\syswow64\GDI32.dll
0x754f0000 - 0x754fa000 	C:\Windows\syswow64\LPK.dll
0x76460000 - 0x764fd000 	C:\Windows\syswow64\USP10.dll
0x71dd0000 - 0x71f6e000 	C:\Windows\WinSxS\x86_microsoft.windows.common-controls_6595b64144ccf1df_6.0.7601.17514_none_41e6975e2bd6f2b2\COMCTL32.dll
0x75d60000 - 0x75db7000 	C:\Windows\syswow64\SHLWAPI.dll
0x771e0000 - 0x77240000 	C:\Windows\system32\IMM32.DLL
0x75fc0000 - 0x7608c000 	C:\Windows\syswow64\MSCTF.dll
0x6b350000 - 0x6b40e000 	C:\programmieren\JavaSDK\jre\bin\msvcr100.dll
0x6b020000 - 0x6b348000 	C:\programmieren\JavaSDK\jre\bin\client\jvm.dll
0x74b70000 - 0x74b77000 	C:\Windows\system32\WSOCK32.dll
0x77430000 - 0x77465000 	C:\Windows\syswow64\WS2_32.dll
0x75d50000 - 0x75d56000 	C:\Windows\syswow64\NSI.dll
0x73670000 - 0x736a2000 	C:\Windows\system32\WINMM.dll
0x76450000 - 0x76455000 	C:\Windows\syswow64\PSAPI.DLL
0x6b010000 - 0x6b01c000 	C:\programmieren\JavaSDK\jre\bin\verify.dll
0x6aff0000 - 0x6b010000 	C:\programmieren\JavaSDK\jre\bin\java.dll
0x6afd0000 - 0x6afe3000 	C:\programmieren\JavaSDK\jre\bin\zip.dll
0x6f170000 - 0x6f2b2000 	C:\programmieren\JavaSDK\jre\bin\awt.dll
0x77150000 - 0x771df000 	C:\Windows\syswow64\OLEAUT32.dll
0x77240000 - 0x7739c000 	C:\Windows\syswow64\ole32.dll
0x736b0000 - 0x736c3000 	C:\Windows\system32\DWMAPI.DLL
0x71ac0000 - 0x71b40000 	C:\Windows\system32\uxtheme.dll
0x6df70000 - 0x6e133000 	C:\Windows\system32\d3d9.dll
0x74b60000 - 0x74b69000 	C:\Windows\system32\VERSION.dll
0x70c30000 - 0x70c36000 	C:\Windows\system32\d3d8thk.dll
0x6f320000 - 0x6f404000 	C:\Windows\system32\aticfx32.dll
0x716a0000 - 0x716ab000 	C:\Windows\system32\atiu9pag.dll
0x69730000 - 0x69d22000 	C:\Windows\system32\atiumdag.dll
0x6a5b0000 - 0x6aa4d000 	C:\Windows\system32\atiumdva.dll
0x76500000 - 0x7714a000 	C:\Windows\syswow64\SHELL32.dll
0x6f2f0000 - 0x6f31a000 	C:\programmieren\JavaSDK\jre\bin\fontmanager.dll
0x6afb0000 - 0x6afc4000 	C:\programmieren\JavaSDK\jre\bin\net.dll
0x721f0000 - 0x7222c000 	C:\Windows\system32\mswsock.dll
0x721d0000 - 0x721d6000 	C:\Windows\System32\wship6.dll
0x6afa0000 - 0x6afaf000 	C:\programmieren\JavaSDK\jre\bin\nio.dll
0x6f0e0000 - 0x6f111000 	C:\programmieren\JavaSDK\jre\bin\t2k.dll
0x75540000 - 0x755c3000 	C:\Windows\syswow64\CLBCatQ.DLL
0x6cf40000 - 0x6d070000 	C:\Windows\system32\WindowsCodecs.dll
0x74b00000 - 0x74b4c000 	C:\Windows\system32\apphelp.dll
0x6f060000 - 0x6f091000 	C:\Windows\system32\EhStorShell.dll
0x755d0000 - 0x7576d000 	C:\Windows\syswow64\SETUPAPI.dll
0x75b50000 - 0x75b77000 	C:\Windows\syswow64\CFGMGR32.dll
0x76370000 - 0x76382000 	C:\Windows\syswow64\DEVOBJ.dll
0x71710000 - 0x71805000 	C:\Windows\system32\PROPSYS.dll
0x6ae90000 - 0x6af00000 	C:\Windows\system32\ntshrui.dll
0x72980000 - 0x72999000 	C:\Windows\system32\srvcli.dll
0x6af60000 - 0x6af6b000 	C:\Windows\system32\cscapi.dll
0x6af50000 - 0x6af5a000 	C:\Windows\system32\slc.dll
0x72450000 - 0x72466000 	C:\Windows\system32\CRYPTSP.dll
0x72130000 - 0x7216b000 	C:\Windows\system32\rsaenh.dll
0x72240000 - 0x72257000 	C:\Windows\system32\USERENV.dll
0x72230000 - 0x7223b000 	C:\Windows\system32\profapi.dll
0x72470000 - 0x72480000 	C:\Windows\system32\NLAapi.dll
0x72120000 - 0x72130000 	C:\Windows\system32\napinsp.dll
0x72100000 - 0x72112000 	C:\Windows\system32\pnrpnsp.dll
0x720b0000 - 0x720f4000 	C:\Windows\system32\DNSAPI.dll
0x720a0000 - 0x720a8000 	C:\Windows\System32\winrnr.dll
0x72070000 - 0x72097000 	C:\Program Files (x86)\Common Files\Microsoft Shared\Windows Live\WLIDNSP.DLL
0x721e0000 - 0x721e5000 	C:\Windows\System32\wshtcpip.dll
0x732a0000 - 0x732bc000 	C:\Windows\system32\IPHLPAPI.DLL
0x73290000 - 0x73297000 	C:\Windows\system32\WINNSI.DLL
0x72020000 - 0x72026000 	C:\Windows\system32\rasadhlp.dll
0x72030000 - 0x72068000 	C:\Windows\System32\fwpuclnt.dll

VM Arguments:
jvm_args: -Dfile.encoding=Cp1252 
java_command: bots.Bot
Launcher Type: SUN_STANDARD

Environment Variables:
PATH=C:\Program Files (x86)\NVIDIA Corporation\PhysX\Common;C:\Program Files (x86)\AMD APP\bin\x86_64;C:\Program Files (x86)\AMD APP\bin\x86;C:\Program Files\Common Files\Microsoft Shared\Windows Live;C:\Program Files (x86)\Common Files\Microsoft Shared\Windows Live;C:\Windows\system32;C:\Windows;C:\Windows\System32\Wbem;C:\Windows\System32\WindowsPowerShell\v1.0\;C:\Program Files (x86)\ATI Technologies\ATI.ACE\Core-Static;C:\Python25;C:\Program Files (x86)\Windows Live\Shared;C:\Program Files (x86)\MiKTeX 2.9\miktex\bin\;C:\Program Files (x86)\Git\cmd;C:\Program Files (x86)\Git\bin;C:\programmieren\JavaSDK\bin;C:\Apps\dekompilieren\jd-gui-0.3.5.windows(1);C:\apk-Dateien\dekompilieren\apktool
USERNAME=Joschka
OS=Windows_NT
PROCESSOR_IDENTIFIER=Intel64 Family 6 Model 42 Stepping 7, GenuineIntel



---------------  S Y S T E M  ---------------

OS: Windows 7 , 64 bit Build 7601 Service Pack 1

CPU:total 4 (4 cores per cpu, 1 threads per core) family 6 model 42 stepping 7, cmov, cx8, fxsr, mmx, sse, sse2, sse3, ssse3, sse4.1, sse4.2, popcnt

Memory: 4k page, physical 4171220k(2564460k free), swap 8340576k(6157028k free)

vm_info: Java HotSpot(TM) Client VM (22.1-b02) for windows-x86 JRE (1.7.0_03-b05), built on Feb  3 2012 20:43:37 by "java_re" with unknown MS VC++:1600

time: Mon Nov 18 15:24:47 2013
elapsed time: 579 seconds

